<?xml version="1.0" encoding="UTF-8"?>
<testsuite xmlns:xsi="http://www.w3.org/2001/XMLSchema-instance" xsi:noNamespaceSchemaLocation="https://maven.apache.org/surefire/maven-surefire-plugin/xsd/surefire-test-report-3.0.xsd" version="3.0" name="org.javig.Modelo3enRayaTest" time="209.614" tests="2" errors="0" skipped="0" failures="1">
  <properties>
[...]
</properties>
  <testcase name="testEntrenar" classname="org.javig.Modelo3enRayaTest" time="209.544">
    <system-out><![CDATA[Generando datos de entrenamiento exhaustivos...
Total de muestras: 943
Datos generados exitosamente. Total de muestras: 943
Starting training for 1000 epochs...
Epoch 50/1000 - Error (MSE): 0,090641
Epoch 100/1000 - Error (MSE): 0,088504
Epoch 150/1000 - Error (MSE): 0,087255
Epoch 200/1000 - Error (MSE): 0,086598
Epoch 250/1000 - Error (MSE): 0,086066
Epoch 300/1000 - Error (MSE): 0,085774
Epoch 350/1000 - Error (MSE): 0,085564
Epoch 400/1000 - Error (MSE): 0,085375
Epoch 450/1000 - Error (MSE): 0,085144
Epoch 500/1000 - Error (MSE): 0,084940
Epoch 550/1000 - Error (MSE): 0,084803
Epoch 600/1000 - Error (MSE): 0,084688
Epoch 650/1000 - Error (MSE): 0,084392
Epoch 700/1000 - Error (MSE): 0,084214
Epoch 750/1000 - Error (MSE): 0,084103
Epoch 800/1000 - Error (MSE): 0,083991
Epoch 850/1000 - Error (MSE): 0,083894
Epoch 900/1000 - Error (MSE): 0,083852
Epoch 950/1000 - Error (MSE): 0,083830
Epoch 1000/1000 - Error (MSE): 0,083816
Training completed.
Model saved successfully to: /home/javier/Repos/neural-lib/src/main/resources/modelo3enRaya.nn
Model loaded successfully from: /home/javier/Repos/neural-lib/src/main/resources/modelo3enRaya.nn

Predictions from loaded model:
Input: [D@f5958c9 -> Output: [0.15981384889661363, 0.0015738385746866482, 0.18202771320497244, 0.0030099036187988992, 0.27248595861419245, 0.007680479429580611, 0.14353316786787912, 0.01931719773584258, 0.18528197866876517]
Input: [D@6ed3ccb2 -> Output: [0.09635706291524614, 0.15745171521786044, 0.060132091470683796, 0.14693443066333317, 9.786772908074208E-5, 0.0934895143282638, 0.06344949996896262, 0.06773872872765319, 0.012832119706515072]
Input: [D@1a677343 -> Output: [0.2095932622080904, 8.350223334272689E-4, 0.051821173459606934, 0.2178163361190942, 2.6426393641234273E-4, 0.11785930456151415, 0.03237779822758384, 0.15926337603125196, 0.5618554986970421]
Input: [D@15de0b3c -> Output: [0.015359661885154856, 0.007115945984612237, 0.13686528534998613, 0.007235876915203395, 6.359050313846475E-4, 0.18703441060121762, 0.38532886201754973, 0.2202023053147134, 0.0063465264994384835]
Input: [D@489115ef -> Output: [0.1312209064254563, 0.022154947856753097, 0.23782118292051224, 0.03671961887280156, 1.1343088004478764E-4, 0.003496008712075872, 0.2800489906667134, 0.09453321616545106, 0.010564536735207204]
Input: [D@3857f613 -> Output: [0.15981384889661363, 0.0015738385746866482, 0.18202771320497244, 0.0030099036187988992, 0.27248595861419245, 0.007680479429580611, 0.14353316786787912, 0.01931719773584258, 0.18528197866876517]
Input: [D@198b6731 -> Output: [0.09635706291524614, 0.15745171521786044, 0.060132091470683796, 0.14693443066333317, 9.786772908074208E-5, 0.0934895143282638, 0.06344949996896262, 0.06773872872765319, 0.012832119706515072]
Input: [D@7c6908d7 -> Output: [0.0771864828168605, 0.05321060802273086, 0.254278049401244, 0.08815359782869445, 0.0023674606538446994, 0.047246153489811635, 0.05467551331681738, 0.04203654292339487, 9.361938071565114E-4]
Input: [D@3c9754d8 -> Output: [0.014741104367232364, 0.3133008928975822, 9.474017562878871E-5, 0.009841595172279284, 0.0017621346337612098, 0.09611425579511021, 0.5179378861919834, 0.021113310917558737, 0.01563858944904954]
Input: [D@3bf7ca37 -> Output: [0.013058818059956253, 0.06404583967981774, 9.781555465102295E-6, 0.001137149676290599, 0.005192396980089765, 0.7198482138593386, 0.27415156185403894, 0.024539071904619666, 0.004233305746288994]
Input: [D@79079097 -> Output: [0.15981384889661363, 0.0015738385746866482, 0.18202771320497244, 0.0030099036187988992, 0.27248595861419245, 0.007680479429580611, 0.14353316786787912, 0.01931719773584258, 0.18528197866876517]
Input: [D@4d1c00d0 -> Output: [0.12240677171687041, 0.09764824563328377, 0.08508063939127665, 0.08277532067999124, 0.14351527717248452, 0.1188611428566207, 0.029110678123276605, 0.11555363306045507, 9.588790421530983E-4]
Input: [D@4b2bac3f -> Output: [0.0771864828168605, 0.05321060802273086, 0.254278049401244, 0.08815359782869445, 0.0023674606538446994, 0.047246153489811635, 0.05467551331681738, 0.04203654292339487, 9.361938071565114E-4]
Input: [D@4e08711f -> Output: [0.014741104367232364, 0.3133008928975822, 9.474017562878871E-5, 0.009841595172279284, 0.0017621346337612098, 0.09611425579511021, 0.5179378861919834, 0.021113310917558737, 0.01563858944904954]
Input: [D@bcec361 -> Output: [0.15981384889661363, 0.0015738385746866482, 0.18202771320497244, 0.0030099036187988992, 0.27248595861419245, 0.007680479429580611, 0.14353316786787912, 0.01931719773584258, 0.18528197866876517]
Input: [D@26794848 -> Output: [0.0484103723426953, 0.18371878390553356, 1.6025796719426818E-6, 0.09179479262376693, 0.0777281428187127, 0.13050500946501273, 0.13024155122599992, 0.053223282542023444, 0.1432148140176905]
Input: [D@302552ec -> Output: [0.006292597092093495, 0.058073340396049486, 4.673672440446244E-5, 0.06871861756003253, 0.013520525058737524, 0.0028595294926609754, 0.23599093040896846, 0.1891543614680455, 0.25277268722466173]
Input: [D@3d285d7e -> Output: [0.27654051854287415, 0.2423298407098514, 3.795367352244897E-4, 0.0012331423960428912, 0.40561037726514765, 6.376098827924675E-4, 0.006796607634164738, 0.10688890067115266, 0.04601485884436659]
Input: [D@40005471 -> Output: [0.5053749937128102, 0.0062457242343014995, 2.335105803683878E-5, 5.353604420279875E-4, 0.13180355983324651, 0.010898112557200908, 0.13506552864077445, 0.32196407240959174, 0.07603877953924085]
Input: [D@2cd76f31 -> Output: [0.05033619060695198, 0.06569082237517672, 4.58074655862715E-5, 1.3355490873472336E-5, 0.13268171307558127, 0.02791099309573509, 0.17552544436349507, 0.0014116397771257799, 0.1844875361018832]
Input: [D@367ffa75 -> Output: [0.15981384889661363, 0.0015738385746866482, 0.18202771320497244, 0.0030099036187988992, 0.27248595861419245, 0.007680479429580611, 0.14353316786787912, 0.01931719773584258, 0.18528197866876517]
Input: [D@49438269 -> Output: [0.02681366935387605, 0.15361238723801002, 0.05060164884016525, 0.06819728705878281, 0.1447155418891047, 0.051768094369956386, 0.0024712487618449397, 0.009075314548771063, 0.17840054638159736]
Input: [D@ba2f4ec -> Output: [0.23014956116398752, 0.16429723960402734, 0.07293795437294859, 0.2037323072044739, 0.19258062736282555, 0.06897913552576264, 4.958657103582646E-5, 0.03672272394806425, 2.326203091934864E-4]
Input: [D@1c1bbc4e -> Output: [0.025187612221245617, 6.595597075902711E-4, 0.1022583690986162, 0.20675338201533366, 0.14710813113707996, 0.04592749048712444, 0.002224564108285875, 0.2828616428756953, 0.005609294623483203]
Input: [D@55fe41ea -> Output: [0.15981384889661363, 0.0015738385746866482, 0.18202771320497244, 0.0030099036187988992, 0.27248595861419245, 0.007680479429580611, 0.14353316786787912, 0.01931719773584258, 0.18528197866876517]
Input: [D@fbd1f6 -> Output: [0.02681366935387605, 0.15361238723801002, 0.05060164884016525, 0.06819728705878281, 0.1447155418891047, 0.051768094369956386, 0.0024712487618449397, 0.009075314548771063, 0.17840054638159736]
Input: [D@1ce24091 -> Output: [0.04363131054418307, 0.09381810029022979, 0.07669647056080382, 9.578265569181361E-5, 0.061759419097088, 0.17521110770933648, 0.003831136748056696, 0.16247733716518545, 0.3217688495676236]
Input: [D@5dda768f -> Output: [0.12269986536210119, 0.0013551694476217, 0.026212713731809056, 4.391102227272926E-4, 0.04742833564666309, 0.041351742171494094, 0.06290931337250809, 0.13088171029117618, 0.36961625592763586]
Input: [D@7a8c8dcf -> Output: [0.015436298766696254, 0.0032069911025295263, 0.39279898139697234, 7.684024983529203E-6, 0.15454802153746117, 0.26256058373768937, 0.04028599847662861, 0.005061078747600945, 0.13683021410313043]
Input: [D@24269709 -> Output: [0.03164662702192108, 0.04732970072012554, 0.0012543776253017861, 2.7020948442973877E-4, 0.08626865290654752, 0.8376825720044652, 5.391289837362973E-5, 0.011573395245669247, 0.39914528081693185]
Input: [D@2aceadd4 -> Output: [0.5402901781499431, 0.03376439674280539, 4.1674250045000495E-4, 0.0020410724387363395, 0.03341055774755021, 0.008452252731429011, 0.0010894825006079398, 0.008901635650745093, 0.17723293601802745]
Input: [D@24aed80c -> Output: [0.15981384889661363, 0.0015738385746866482, 0.18202771320497244, 0.0030099036187988992, 0.27248595861419245, 0.007680479429580611, 0.14353316786787912, 0.01931719773584258, 0.18528197866876517]
Input: [D@3a52dba3 -> Output: [7.036108814199627E-6, 0.19144802548528528, 0.2107416751328593, 0.05152529677088277, 0.013159379586739935, 0.05536505631205762, 0.1508860140037384, 0.05810912498757014, 0.1575826506437458]
Input: [D@2a5c8d3f -> Output: [2.873429842263932E-5, 0.4147512583145835, 0.030068752285165257, 0.09731063113202293, 0.05937737464483517, 0.10532523495365521, 0.029012180017403227, 0.1555158585924817, 2.513376308936986E-4]
Input: [D@752325ad -> Output: [3.173380231584132E-5, 0.0029649155690062235, 0.0033592674620162794, 0.17705416455582237, 0.18146531037541855, 0.07833990023728984, 0.19269419183411515, 0.3455141560911286, 0.005916364821757442]
Input: [D@279fedbd -> Output: [0.0014740016789384926, 0.013424762560781232, 0.0037613329430843017, 0.4959294152360294, 0.1195565828097311, 0.14888726660738236, 0.1516929174354217, 0.0015259620493723656, 0.01345462440500089]
Input: [D@b3ca52e -> Output: [4.636327743464468E-5, 0.018363937208761075, 0.040782092062109976, 5.0801426265285585E-5, 0.030467063027514184, 0.07148365813504921, 0.6915345456250495, 0.03975447518231115, 0.016222285411677924]
Input: [D@45c7e403 -> Output: [0.15981384889661363, 0.0015738385746866482, 0.18202771320497244, 0.0030099036187988992, 0.27248595861419245, 0.007680479429580611, 0.14353316786787912, 0.01931719773584258, 0.18528197866876517]
Input: [D@2925bf5b -> Output: [0.09635706291524614, 0.15745171521786044, 0.060132091470683796, 0.14693443066333317, 9.786772908074208E-5, 0.0934895143282638, 0.06344949996896262, 0.06773872872765319, 0.012832119706515072]
Input: [D@710f4dc7 -> Output: [0.2095932622080904, 8.350223334272689E-4, 0.051821173459606934, 0.2178163361190942, 2.6426393641234273E-4, 0.11785930456151415, 0.03237779822758384, 0.15926337603125196, 0.5618554986970421]
Input: [D@1ff4931d -> Output: [0.015359661885154856, 0.007115945984612237, 0.13686528534998613, 0.007235876915203395, 6.359050313846475E-4, 0.18703441060121762, 0.38532886201754973, 0.2202023053147134, 0.0063465264994384835]
Input: [D@65e98b1c -> Output: [0.07967698881384211, 0.02519446531823915, 1.8351450018426753E-5, 0.09794669554524756, 0.18467013027155132, 0.09932833995044969, 0.28668334938702206, 0.16115436081684112, 5.010623756186513E-4]
Input: [D@61322f9d -> Output: [0.15981384889661363, 0.0015738385746866482, 0.18202771320497244, 0.0030099036187988992, 0.27248595861419245, 0.007680479429580611, 0.14353316786787912, 0.01931719773584258, 0.18528197866876517]
Input: [D@6ad82709 -> Output: [0.02681366935387605, 0.15361238723801002, 0.05060164884016525, 0.06819728705878281, 0.1447155418891047, 0.051768094369956386, 0.0024712487618449397, 0.009075314548771063, 0.17840054638159736]
Input: [D@510f3d34 -> Output: [0.23014956116398752, 0.16429723960402734, 0.07293795437294859, 0.2037323072044739, 0.19258062736282555, 0.06897913552576264, 4.958657103582646E-5, 0.03672272394806425, 2.326203091934864E-4]
Input: [D@7817fd62 -> Output: [0.37861899840299224, 0.01648706885371938, 0.053220624993406615, 9.420870856747031E-5, 0.3543432243708836, 0.0212069069965374, 7.526192507492841E-4, 0.19586592368333466, 0.004781178707286367]
Input: [D@8297b3a -> Output: [0.15981384889661363, 0.0015738385746866482, 0.18202771320497244, 0.0030099036187988992, 0.27248595861419245, 0.007680479429580611, 0.14353316786787912, 0.01931719773584258, 0.18528197866876517]
Input: [D@2362f559 -> Output: [0.0484103723426953, 0.18371878390553356, 1.6025796719426818E-6, 0.09179479262376693, 0.0777281428187127, 0.13050500946501273, 0.13024155122599992, 0.053223282542023444, 0.1432148140176905]
Input: [D@b2c9a9c -> Output: [0.2791716381986358, 0.04238130026184451, 8.430455044397771E-5, 0.19638206323743, 0.4038295199482008, 0.05443842665354019, 0.031801326050651176, 0.10462668657064772, 0.024795114883398015]
Input: [D@4c178a76 -> Output: [0.041362740491289185, 0.03584969837467467, 6.22568523694139E-4, 0.2689384778397455, 0.012020269336386207, 0.011366366163703514, 0.17765566728118112, 3.189707946296203E-5, 0.7355629793309417]
Input: [D@fa4c865 -> Output: [0.07719959180118077, 0.025590713992896585, 0.010639097462544244, 0.02891086377697132, 0.023990695038222896, 0.18751678239449399, 3.7000606609919697E-5, 0.001563733815474402, 0.660407935890633]
Input: [D@3bd82cf5 -> Output: [0.15981384889661363, 0.0015738385746866482, 0.18202771320497244, 0.0030099036187988992, 0.27248595861419245, 0.007680479429580611, 0.14353316786787912, 0.01931719773584258, 0.18528197866876517]
Input: [D@544fa968 -> Output: [0.12240677171687041, 0.09764824563328377, 0.08508063939127665, 0.08277532067999124, 0.14351527717248452, 0.1188611428566207, 0.029110678123276605, 0.11555363306045507, 9.588790421530983E-4]
Input: [D@247bddad -> Output: [0.0771864828168605, 0.05321060802273086, 0.254278049401244, 0.08815359782869445, 0.0023674606538446994, 0.047246153489811635, 0.05467551331681738, 0.04203654292339487, 9.361938071565114E-4]
Input: [D@d35dea7 -> Output: [0.08964122513129257, 0.39865747242935823, 0.008528374314396679, 0.13520881743549834, 0.02420740699691953, 0.0017185938341876042, 0.18203812308429348, 0.1274955778346978, 1.0111465733107821E-4]
Input: [D@7770f470 -> Output: [0.29676548965648264, 0.4376020103026958, 0.22550082155657383, 0.04347798610267281, 0.06447765156118446, 0.018611693585348813, 3.120389505227315E-4, 0.052339350470510575, 5.8067326025439865E-5]
Input: [D@5e5d171f -> Output: [0.36217948709598113, 0.002173619745488319, 0.2619221699430731, 0.13942860826109596, 0.0011415179681171295, 0.0029517576503900102, 0.021977417254660604, 0.1120642389166002, 0.025752471793101216]
Input: [D@24313fcc -> Output: [0.15981384889661363, 0.0015738385746866482, 0.18202771320497244, 0.0030099036187988992, 0.27248595861419245, 0.007680479429580611, 0.14353316786787912, 0.01931719773584258, 0.18528197866876517]
Input: [D@7d20d0b -> Output: [7.036108814199627E-6, 0.19144802548528528, 0.2107416751328593, 0.05152529677088277, 0.013159379586739935, 0.05536505631205762, 0.1508860140037384, 0.05810912498757014, 0.1575826506437458]
Input: [D@77f1baf5 -> Output: [0.0016967192523446419, 0.030118196108419478, 5.1752688888237045E-5, 0.37869411208155485, 0.01585841284430605, 0.026603200313580665, 0.1257911090252901, 0.1478769246486268, 0.11467029192178817]
Input: [D@41a2befb -> Output: [0.0028279686422910495, 0.05018649499449428, 1.3876636653294762E-4, 4.254886456008533E-4, 0.5363752188293867, 0.26056617424976086, 0.01772039232199543, 0.1513312123805151, 0.020309858553292648]
Input: [D@6c40365c -> Output: [0.0072920409297987515, 0.09497753669822073, 6.147550532173095E-4, 1.159410998657865E-4, 0.19309586079300606, 0.1257938143760748, 0.08601654494929693, 0.1928883846069741, 0.005685388378454629]
Input: [D@7bedc48a -> Output: [0.15981384889661363, 0.0015738385746866482, 0.18202771320497244, 0.0030099036187988992, 0.27248595861419245, 0.007680479429580611, 0.14353316786787912, 0.01931719773584258, 0.18528197866876517]
Input: [D@131ef10 -> Output: [0.02681366935387605, 0.15361238723801002, 0.05060164884016525, 0.06819728705878281, 0.1447155418891047, 0.051768094369956386, 0.0024712487618449397, 0.009075314548771063, 0.17840054638159736]
Input: [D@55b0dcab -> Output: [0.23014956116398752, 0.16429723960402734, 0.07293795437294859, 0.2037323072044739, 0.19258062736282555, 0.06897913552576264, 4.958657103582646E-5, 0.03672272394806425, 2.326203091934864E-4]
Input: [D@38afe297 -> Output: [0.37861899840299224, 0.01648706885371938, 0.053220624993406615, 9.420870856747031E-5, 0.3543432243708836, 0.0212069069965374, 7.526192507492841E-4, 0.19586592368333466, 0.004781178707286367]
Input: [D@2df3b89c -> Output: [0.08921427450725293, 0.2304346856029316, 0.14772091600485351, 4.109902743301564E-4, 0.023538585165186636, 0.10890637493293208, 0.0030874116461469168, 0.3594099943461564, 6.277277255608151E-5]
Input: [D@23348b5d -> Output: [0.15981384889661363, 0.0015738385746866482, 0.18202771320497244, 0.0030099036187988992, 0.27248595861419245, 0.007680479429580611, 0.14353316786787912, 0.01931719773584258, 0.18528197866876517]
Input: [D@70325e14 -> Output: [0.12240677171687041, 0.09764824563328377, 0.08508063939127665, 0.08277532067999124, 0.14351527717248452, 0.1188611428566207, 0.029110678123276605, 0.11555363306045507, 9.588790421530983E-4]
Input: [D@37ceb1df -> Output: [0.0425648639811999, 0.1511131670662102, 1.000777978099413E-5, 0.23248606787938494, 0.032626498455934, 0.06136818968102325, 0.17687728916121082, 0.03103033665583333, 0.005096082282184767]
Input: [D@7c9d8e2 -> Output: [3.418862335224818E-4, 0.1676882464134435, 6.091641367360182E-5, 0.1151061306069266, 0.050434085949995454, 0.33267224068449663, 0.4108821964135096, 0.03415342696127948, 8.577343521960981E-4]
Input: [D@20d525 -> Output: [5.385093800843755E-4, 0.16273271239974227, 9.86476225839591E-4, 0.271783229712284, 0.07278869321720306, 0.15859614708782502, 0.008803671631226008, 0.0324058200331735, 0.0015505275629779606]
Input: [D@6200f9cb -> Output: [0.15981384889661363, 0.0015738385746866482, 0.18202771320497244, 0.0030099036187988992, 0.27248595861419245, 0.007680479429580611, 0.14353316786787912, 0.01931719773584258, 0.18528197866876517]
Input: [D@2002fc1d -> Output: [0.02681366935387605, 0.15361238723801002, 0.05060164884016525, 0.06819728705878281, 0.1447155418891047, 0.051768094369956386, 0.0024712487618449397, 0.009075314548771063, 0.17840054638159736]
Input: [D@69453e37 -> Output: [0.2867678813814136, 0.14160907337078066, 0.07760621374060006, 0.05153373555890355, 0.05987970059419817, 0.0015984659623182892, 6.879277584730196E-5, 0.014234780327025505, 0.38753890285983705]
Input: [D@6f4a47c7 -> Output: [0.004657178212246332, 0.04015397027472879, 0.008516319393486863, 0.08216487036532098, 0.2418866696649204, 0.0274364255978686, 1.1478507885256764E-4, 0.09402886355607308, 0.20343384311037715]
Input: [D@ae13544 -> Output: [8.491541041647519E-4, 0.0042025942863035135, 0.049528409933179744, 0.41914288018264956, 0.049964064683019976, 0.007770968126921489, 0.023344379166964434, 0.0025251281366244715, 0.08455458716680316]
Input: [D@3d34d211 -> Output: [0.0014843204533727303, 0.1723109912572083, 7.668294163002784E-5, 0.18956975438013604, 0.320343282840902, 0.009129623108723822, 0.014104691572457488, 0.022026609381864008, 0.0193477023427004]
Input: [D@7dc0f706 -> Output: [0.15981384889661363, 0.0015738385746866482, 0.18202771320497244, 0.0030099036187988992, 0.27248595861419245, 0.007680479429580611, 0.14353316786787912, 0.01931719773584258, 0.18528197866876517]
Input: [D@4009e306 -> Output: [7.036108814199627E-6, 0.19144802548528528, 0.2107416751328593, 0.05152529677088277, 0.013159379586739935, 0.05536505631205762, 0.1508860140037384, 0.05810912498757014, 0.1575826506437458]
Input: [D@43c1b556 -> Output: [2.858028421026122E-4, 0.3789870812710828, 0.32274983692945924, 0.26807838735739997, 0.18925502805257946, 0.03224815832567944, 0.009039270679612727, 9.512872542750627E-5, 0.006036924039004434]
Input: [D@587e5365 -> Output: [0.00474449147376809, 0.3232002232626815, 3.286155010159064E-5, 0.16264125577272529, 0.1288836229183876, 0.21378718526505233, 2.6780283312949327E-4, 0.0018220886867932294, 0.333624115556333]
Input: [D@22fcf7ab -> Output: [7.756408252138718E-4, 0.29074177716257477, 4.003406726440749E-6, 0.028743393661961207, 0.44729472587760843, 0.40694944253064896, 0.011707707129311368, 0.007791829311268304, 0.005639592121261068]
Input: [D@2de23121 -> Output: [0.15981384889661363, 0.0015738385746866482, 0.18202771320497244, 0.0030099036187988992, 0.27248595861419245, 0.007680479429580611, 0.14353316786787912, 0.01931719773584258, 0.18528197866876517]
Input: [D@63475ace -> Output: [0.0484103723426953, 0.18371878390553356, 1.6025796719426818E-6, 0.09179479262376693, 0.0777281428187127, 0.13050500946501273, 0.13024155122599992, 0.053223282542023444, 0.1432148140176905]
Input: [D@4988d8b8 -> Output: [0.2791716381986358, 0.04238130026184451, 8.430455044397771E-5, 0.19638206323743, 0.4038295199482008, 0.05443842665354019, 0.031801326050651176, 0.10462668657064772, 0.024795114883398015]
Input: [D@c0c2f8d -> Output: [0.5170676348907481, 0.012063338013026169, 4.8985964070391856E-5, 0.0010011533798204653, 0.08239171741841772, 0.03468161524368339, 0.2915226511926321, 0.1992705548883122, 0.07576030383669587]
Input: [D@305b7c14 -> Output: [0.15981384889661363, 0.0015738385746866482, 0.18202771320497244, 0.0030099036187988992, 0.27248595861419245, 0.007680479429580611, 0.14353316786787912, 0.01931719773584258, 0.18528197866876517]
Input: [D@6913c1fb -> Output: [0.02681366935387605, 0.15361238723801002, 0.05060164884016525, 0.06819728705878281, 0.1447155418891047, 0.051768094369956386, 0.0024712487618449397, 0.009075314548771063, 0.17840054638159736]
Input: [D@66d18979 -> Output: [6.805099327423249E-4, 0.011503775741133584, 0.08913136511691111, 0.021365026868573472, 0.30476885860783204, 0.14796505551535646, 1.860178053233554E-4, 0.06032077050994146, 0.32061543518639407]
Input: [D@bccb269 -> Output: [7.353002261451845E-4, 0.05676193661575632, 0.05361886579927894, 0.6380850166363988, 0.4335619806438021, 0.046039204127342144, 0.01014051980996291, 3.41620935646069E-4, 0.02034645480152824]
Input: [D@609cd4d8 -> Output: [0.15981384889661363, 0.0015738385746866482, 0.18202771320497244, 0.0030099036187988992, 0.27248595861419245, 0.007680479429580611, 0.14353316786787912, 0.01931719773584258, 0.18528197866876517]
Input: [D@17f7cd29 -> Output: [0.09635706291524614, 0.15745171521786044, 0.060132091470683796, 0.14693443066333317, 9.786772908074208E-5, 0.0934895143282638, 0.06344949996896262, 0.06773872872765319, 0.012832119706515072]
Input: [D@7d8704ef -> Output: [0.12372368896804707, 0.025830709878273145, 0.19503866371530543, 2.556628449340651E-4, 0.002603918914484781, 0.025887519403720406, 0.21789555284671383, 0.1109344107056196, 0.13839387454212312]
Input: [D@13b6aecc -> Output: [0.011681712334143684, 0.036088156498265474, 0.11823684069413933, 0.0011883772073437778, 0.029891846873651828, 0.17172187951871393, 0.019865207216496095, 0.18834354086309935, 0.30205321173569727]
Input: [D@158a8276 -> Output: [0.08921427450725293, 0.2304346856029316, 0.14772091600485351, 4.109902743301564E-4, 0.023538585165186636, 0.10890637493293208, 0.0030874116461469168, 0.3594099943461564, 6.277277255608151E-5]
Input: [D@3c3d9b6b -> Output: [0.15981384889661363, 0.0015738385746866482, 0.18202771320497244, 0.0030099036187988992, 0.27248595861419245, 0.007680479429580611, 0.14353316786787912, 0.01931719773584258, 0.18528197866876517]
Input: [D@79d8407f -> Output: [0.12240677171687041, 0.09764824563328377, 0.08508063939127665, 0.08277532067999124, 0.14351527717248452, 0.1188611428566207, 0.029110678123276605, 0.11555363306045507, 9.588790421530983E-4]
Input: [D@5fbe4146 -> Output: [0.1521993672071386, 0.08435279368210831, 0.06525318794297277, 2.582365345642735E-6, 0.26803619042137117, 0.03543147089421178, 0.05405646142656998, 0.5522566754625019, 4.5866753574609924E-4]
Input: [D@1e66f1f5 -> Output: [0.19244322905452835, 0.20688801378610483, 4.588997037347171E-5, 8.615422457646463E-5, 0.10700297672295826, 0.3689663958754222, 0.10310274003314178, 0.021195191053306032, 0.0028731191936465267]
Input: [D@4e50c791 -> Output: [1.2269344761865514E-4, 0.692231600166829, 0.0012088681084922205, 4.247016027872485E-5, 0.4092124208407473, 0.1725259579974221, 0.3347116545447712, 0.009245144319955287, 4.3641244594246563E-4]
Input: [D@7530ad9c -> Output: [0.15981384889661363, 0.0015738385746866482, 0.18202771320497244, 0.0030099036187988992, 0.27248595861419245, 0.007680479429580611, 0.14353316786787912, 0.01931719773584258, 0.18528197866876517]
Input: [D@58a9760d -> Output: [7.036108814199627E-6, 0.19144802548528528, 0.2107416751328593, 0.05152529677088277, 0.013159379586739935, 0.05536505631205762, 0.1508860140037384, 0.05810912498757014, 0.1575826506437458]
Input: [D@71e9ddb4 -> Output: [5.3875474601337E-5, 0.17125736587598203, 0.12481153166398189, 1.42522610284073E-5, 0.3198796333985817, 0.2776436867323111, 0.025764458498466914, 0.1799990005912879, 0.030316290632610522]
Input: [D@394df057 -> Output: [0.15981384889661363, 0.0015738385746866482, 0.18202771320497244, 0.0030099036187988992, 0.27248595861419245, 0.007680479429580611, 0.14353316786787912, 0.01931719773584258, 0.18528197866876517]
Input: [D@4961f6af -> Output: [7.036108814199627E-6, 0.19144802548528528, 0.2107416751328593, 0.05152529677088277, 0.013159379586739935, 0.05536505631205762, 0.1508860140037384, 0.05810912498757014, 0.1575826506437458]
Input: [D@5aebe890 -> Output: [0.0016967192523446419, 0.030118196108419478, 5.1752688888237045E-5, 0.37869411208155485, 0.01585841284430605, 0.026603200313580665, 0.1257911090252901, 0.1478769246486268, 0.11467029192178817]
Input: [D@65d09a04 -> Output: [9.798440523492667E-4, 0.14250348101726487, 0.00276541438073258, 0.005241875794033315, 0.24468371895631214, 0.25583868333876697, 1.6127583358639265E-4, 0.09747080607943534, 0.26631343197920593]
Input: [D@33c911a1 -> Output: [5.385093800843755E-4, 0.16273271239974227, 9.86476225839591E-4, 0.271783229712284, 0.07278869321720306, 0.15859614708782502, 0.008803671631226008, 0.0324058200331735, 0.0015505275629779606]
Input: [D@75db5df9 -> Output: [0.15981384889661363, 0.0015738385746866482, 0.18202771320497244, 0.0030099036187988992, 0.27248595861419245, 0.007680479429580611, 0.14353316786787912, 0.01931719773584258, 0.18528197866876517]
Input: [D@707194ba -> Output: [0.02681366935387605, 0.15361238723801002, 0.05060164884016525, 0.06819728705878281, 0.1447155418891047, 0.051768094369956386, 0.0024712487618449397, 0.009075314548771063, 0.17840054638159736]
Input: [D@1190200a -> Output: [0.2867678813814136, 0.14160907337078066, 0.07760621374060006, 0.05153373555890355, 0.05987970059419817, 0.0015984659623182892, 6.879277584730196E-5, 0.014234780327025505, 0.38753890285983705]
Input: [D@6a2f6f80 -> Output: [0.22726319520457047, 0.1340763996757038, 0.00483515960454911, 4.346325972786875E-4, 0.04759344292435732, 0.013382420376627494, 1.0797626534506338E-4, 0.6378461571889251, 0.12319603354561186]
Input: [D@45b4c3a9 -> Output: [0.09134933144833772, 0.03961823607765537, 0.882875385273807, 0.0032279035550624594, 0.2281841543331576, 0.01600155445436567, 4.8445070426578744E-4, 1.7432820871291147E-4, 0.1545346813217879]
Input: [D@399c4be1 -> Output: [0.016096510406557334, 0.13476322016184572, 2.1012201862525927E-4, 4.954193390537138E-6, 0.8312696467636156, 0.07611675888730679, 5.969128210224237E-5, 0.017380411564858, 0.4663406987280605]
Input: [D@291caca8 -> Output: [0.15981384889661363, 0.0015738385746866482, 0.18202771320497244, 0.0030099036187988992, 0.27248595861419245, 0.007680479429580611, 0.14353316786787912, 0.01931719773584258, 0.18528197866876517]
Input: [D@385e9564 -> Output: [0.0484103723426953, 0.18371878390553356, 1.6025796719426818E-6, 0.09179479262376693, 0.0777281428187127, 0.13050500946501273, 0.13024155122599992, 0.053223282542023444, 0.1432148140176905]
Input: [D@5b94b04d -> Output: [0.0425648639811999, 0.1511131670662102, 1.000777978099413E-5, 0.23248606787938494, 0.032626498455934, 0.06136818968102325, 0.17687728916121082, 0.03103033665583333, 0.005096082282184767]
Input: [D@8c3b9d -> Output: [0.15981384889661363, 0.0015738385746866482, 0.18202771320497244, 0.0030099036187988992, 0.27248595861419245, 0.007680479429580611, 0.14353316786787912, 0.01931719773584258, 0.18528197866876517]
Input: [D@4c39bec8 -> Output: [0.12240677171687041, 0.09764824563328377, 0.08508063939127665, 0.08277532067999124, 0.14351527717248452, 0.1188611428566207, 0.029110678123276605, 0.11555363306045507, 9.588790421530983E-4]
Input: [D@f79e -> Output: [0.1521993672071386, 0.08435279368210831, 0.06525318794297277, 2.582365345642735E-6, 0.26803619042137117, 0.03543147089421178, 0.05405646142656998, 0.5522566754625019, 4.5866753574609924E-4]
Input: [D@7ee8290b -> Output: [0.029447214749233657, 0.2678450170655663, 0.46687969966008125, 2.904847446000765E-5, 0.440046034275779, 0.017952896058868198, 0.006132816571547448, 7.849412489746541E-4, 0.10956670418297243]
Input: [D@1f59a598 -> Output: [0.009988607384430928, 0.06257694970148936, 1.2600308750982134E-5, 7.586971812587159E-6, 0.07855714163875104, 0.19006921231896826, 0.23116716371750898, 0.009584256987719473, 0.10763664169226195]
Input: [D@1e178745 -> Output: [0.017488392876359973, 0.7587782939016005, 1.1252094808780191E-4, 3.39691434467287E-4, 0.003771385342292919, 0.20797846629945238, 0.2659088337856681, 0.011426903070487422, 9.73346004468858E-4]
Input: [D@192c3f1e -> Output: [0.15981384889661363, 0.0015738385746866482, 0.18202771320497244, 0.0030099036187988992, 0.27248595861419245, 0.007680479429580611, 0.14353316786787912, 0.01931719773584258, 0.18528197866876517]
Input: [D@26b3fd41 -> Output: [0.12240677171687041, 0.09764824563328377, 0.08508063939127665, 0.08277532067999124, 0.14351527717248452, 0.1188611428566207, 0.029110678123276605, 0.11555363306045507, 9.588790421530983E-4]
Input: [D@7494f96a -> Output: [2.873429842263932E-5, 0.4147512583145835, 0.030068752285165257, 0.09731063113202293, 0.05937737464483517, 0.10532523495365521, 0.029012180017403227, 0.1555158585924817, 2.513376308936986E-4]
Input: [D@561b6512 -> Output: [0.014412959209617854, 0.07918490830976924, 0.02968045747580559, 0.022806063821957698, 0.4883851437709254, 0.3949382936970814, 6.080439742370338E-5, 0.057936729639798165, 2.870578217655594E-4]
Input: [D@2e377400 -> Output: [0.01609203370984936, 0.24059173845353768, 0.09068409406579515, 0.012776640481336162, 0.3350596294921415, 0.010160836870154406, 0.0011751049955044067, 0.041972528340317644, 0.0010553619610289833]
Input: [D@1757cd72 -> Output: [4.3053483052618883E-4, 5.246103111309157E-4, 0.1695204375339761, 0.0023158943800013505, 0.7910183173432253, 0.057436982863520704, 0.0014723163294754877, 0.24723220510739607, 0.05678484287749739]
Input: [D@445b295b -> Output: [0.15981384889661363, 0.0015738385746866482, 0.18202771320497244, 0.0030099036187988992, 0.27248595861419245, 0.007680479429580611, 0.14353316786787912, 0.01931719773584258, 0.18528197866876517]
Input: [D@49e5f737 -> Output: [0.09635706291524614, 0.15745171521786044, 0.060132091470683796, 0.14693443066333317, 9.786772908074208E-5, 0.0934895143282638, 0.06344949996896262, 0.06773872872765319, 0.012832119706515072]
Input: [D@5c671d7f -> Output: [0.2095932622080904, 8.350223334272689E-4, 0.051821173459606934, 0.2178163361190942, 2.6426393641234273E-4, 0.11785930456151415, 0.03237779822758384, 0.15926337603125196, 0.5618554986970421]
Input: [D@757277dc -> Output: [0.015359661885154856, 0.007115945984612237, 0.13686528534998613, 0.007235876915203395, 6.359050313846475E-4, 0.18703441060121762, 0.38532886201754973, 0.2202023053147134, 0.0063465264994384835]
Input: [D@687e99d8 -> Output: [0.35123645469191406, 4.5538856912956806E-4, 0.32263351339672786, 0.19736167597550683, 1.384413953542643E-4, 0.06627844800612154, 0.017561289571180628, 0.08485035785600159, 0.04449054808295332]
Input: [D@e4487af -> Output: [0.322174037359487, 0.0011773183870786574, 0.08724373155054302, 0.03273314607276004, 6.290470980765739E-4, 0.0859509142825698, 0.06721015689239943, 0.054020138168031764, 0.00976629540396915]
Input: [D@6aaceffd -> Output: [0.15981384889661363, 0.0015738385746866482, 0.18202771320497244, 0.0030099036187988992, 0.27248595861419245, 0.007680479429580611, 0.14353316786787912, 0.01931719773584258, 0.18528197866876517]
Input: [D@c86b9e3 -> Output: [0.0484103723426953, 0.18371878390553356, 1.6025796719426818E-6, 0.09179479262376693, 0.0777281428187127, 0.13050500946501273, 0.13024155122599992, 0.053223282542023444, 0.1432148140176905]
Input: [D@10aa41f2 -> Output: [0.0425648639811999, 0.1511131670662102, 1.000777978099413E-5, 0.23248606787938494, 0.032626498455934, 0.06136818968102325, 0.17687728916121082, 0.03103033665583333, 0.005096082282184767]
Input: [D@3af9c5b7 -> Output: [0.002588885102512393, 0.32030786615807644, 2.7749898402705666E-6, 0.31867113011601783, 0.5582350829851532, 0.5205552656038586, 0.003602442199573795, 0.010282141194554804, 0.001099572763975886]
Input: [D@37271612 -> Output: [0.009988607384430928, 0.06257694970148936, 1.2600308750982134E-5, 7.586971812587159E-6, 0.07855714163875104, 0.19006921231896826, 0.23116716371750898, 0.009584256987719473, 0.10763664169226195]
Input: [D@ed7f8b4 -> Output: [0.017488392876359973, 0.7587782939016005, 1.1252094808780191E-4, 3.39691434467287E-4, 0.003771385342292919, 0.20797846629945238, 0.2659088337856681, 0.011426903070487422, 9.73346004468858E-4]
Input: [D@4c309d4d -> Output: [0.15981384889661363, 0.0015738385746866482, 0.18202771320497244, 0.0030099036187988992, 0.27248595861419245, 0.007680479429580611, 0.14353316786787912, 0.01931719773584258, 0.18528197866876517]
Input: [D@38102d01 -> Output: [0.02681366935387605, 0.15361238723801002, 0.05060164884016525, 0.06819728705878281, 0.1447155418891047, 0.051768094369956386, 0.0024712487618449397, 0.009075314548771063, 0.17840054638159736]
Input: [D@37883b97 -> Output: [0.2867678813814136, 0.14160907337078066, 0.07760621374060006, 0.05153373555890355, 0.05987970059419817, 0.0015984659623182892, 6.879277584730196E-5, 0.014234780327025505, 0.38753890285983705]
Input: [D@6ab778a -> Output: [0.004657178212246332, 0.04015397027472879, 0.008516319393486863, 0.08216487036532098, 0.2418866696649204, 0.0274364255978686, 1.1478507885256764E-4, 0.09402886355607308, 0.20343384311037715]
Input: [D@4e3958e7 -> Output: [0.013187893986223057, 0.0010743173459993305, 0.06289003165242302, 0.5312826047123671, 0.08108305510059294, 0.002884710595585427, 3.9734798076270945E-5, 0.2782478464562197, 0.4519212418458714]
Input: [D@77f80c04 -> Output: [0.15981384889661363, 0.0015738385746866482, 0.18202771320497244, 0.0030099036187988992, 0.27248595861419245, 0.007680479429580611, 0.14353316786787912, 0.01931719773584258, 0.18528197866876517]
Input: [D@1dac5ef -> Output: [0.12240677171687041, 0.09764824563328377, 0.08508063939127665, 0.08277532067999124, 0.14351527717248452, 0.1188611428566207, 0.029110678123276605, 0.11555363306045507, 9.588790421530983E-4]
Input: [D@5c90e579 -> Output: [0.0771864828168605, 0.05321060802273086, 0.254278049401244, 0.08815359782869445, 0.0023674606538446994, 0.047246153489811635, 0.05467551331681738, 0.04203654292339487, 9.361938071565114E-4]
Input: [D@58ea606c -> Output: [0.15981384889661363, 0.0015738385746866482, 0.18202771320497244, 0.0030099036187988992, 0.27248595861419245, 0.007680479429580611, 0.14353316786787912, 0.01931719773584258, 0.18528197866876517]
Input: [D@6f45df59 -> Output: [0.09635706291524614, 0.15745171521786044, 0.060132091470683796, 0.14693443066333317, 9.786772908074208E-5, 0.0934895143282638, 0.06344949996896262, 0.06773872872765319, 0.012832119706515072]
Input: [D@38e79ae3 -> Output: [0.12372368896804707, 0.025830709878273145, 0.19503866371530543, 2.556628449340651E-4, 0.002603918914484781, 0.025887519403720406, 0.21789555284671383, 0.1109344107056196, 0.13839387454212312]
Input: [D@63070bab -> Output: [0.17649065782277804, 0.09523458189119628, 4.481829958956219E-5, 1.7467082382996356E-4, 0.10098390601192442, 0.08235879387195015, 0.011582960334866419, 0.09785467953706554, 0.12163993033204867]
Input: [D@68e5eea7 -> Output: [0.08688287114906135, 0.20108857663224017, 1.719500144321412E-4, 6.452277344174471E-5, 0.1353995878340043, 0.7674585465286453, 0.0034115773526018625, 0.0036840046683285495, 0.24723460854539495]
Input: [D@291b4bf5 -> Output: [0.15981384889661363, 0.0015738385746866482, 0.18202771320497244, 0.0030099036187988992, 0.27248595861419245, 0.007680479429580611, 0.14353316786787912, 0.01931719773584258, 0.18528197866876517]
Input: [D@2d2ffcb7 -> Output: [0.12240677171687041, 0.09764824563328377, 0.08508063939127665, 0.08277532067999124, 0.14351527717248452, 0.1188611428566207, 0.029110678123276605, 0.11555363306045507, 9.588790421530983E-4]
Input: [D@762ef0ea -> Output: [0.0425648639811999, 0.1511131670662102, 1.000777978099413E-5, 0.23248606787938494, 0.032626498455934, 0.06136818968102325, 0.17687728916121082, 0.03103033665583333, 0.005096082282184767]
Input: [D@31f9b85e -> Output: [0.014741104367232364, 0.3133008928975822, 9.474017562878871E-5, 0.009841595172279284, 0.0017621346337612098, 0.09611425579511021, 0.5179378861919834, 0.021113310917558737, 0.01563858944904954]
Input: [D@424e1977 -> Output: [0.07967698881384211, 0.02519446531823915, 1.8351450018426753E-5, 0.09794669554524756, 0.18467013027155132, 0.09932833995044969, 0.28668334938702206, 0.16115436081684112, 5.010623756186513E-4]
Input: [D@10d68fcd -> Output: [0.15981384889661363, 0.0015738385746866482, 0.18202771320497244, 0.0030099036187988992, 0.27248595861419245, 0.007680479429580611, 0.14353316786787912, 0.01931719773584258, 0.18528197866876517]
Input: [D@117e949d -> Output: [7.036108814199627E-6, 0.19144802548528528, 0.2107416751328593, 0.05152529677088277, 0.013159379586739935, 0.05536505631205762, 0.1508860140037384, 0.05810912498757014, 0.1575826506437458]
Input: [D@6db9f5a4 -> Output: [0.0016967192523446419, 0.030118196108419478, 5.1752688888237045E-5, 0.37869411208155485, 0.01585841284430605, 0.026603200313580665, 0.1257911090252901, 0.1478769246486268, 0.11467029192178817]
Input: [D@5f8edcc5 -> Output: [9.798440523492667E-4, 0.14250348101726487, 0.00276541438073258, 0.005241875794033315, 0.24468371895631214, 0.25583868333876697, 1.6127583358639265E-4, 0.09747080607943534, 0.26631343197920593]
Input: [D@7b02881e -> Output: [0.15981384889661363, 0.0015738385746866482, 0.18202771320497244, 0.0030099036187988992, 0.27248595861419245, 0.007680479429580611, 0.14353316786787912, 0.01931719773584258, 0.18528197866876517]
Input: [D@1ebd319f -> Output: [0.0484103723426953, 0.18371878390553356, 1.6025796719426818E-6, 0.09179479262376693, 0.0777281428187127, 0.13050500946501273, 0.13024155122599992, 0.053223282542023444, 0.1432148140176905]
Input: [D@3c0be339 -> Output: [0.0016967192523446419, 0.030118196108419478, 5.1752688888237045E-5, 0.37869411208155485, 0.01585841284430605, 0.026603200313580665, 0.1257911090252901, 0.1478769246486268, 0.11467029192178817]
Input: [D@15ca7889 -> Output: [0.00474449147376809, 0.3232002232626815, 3.286155010159064E-5, 0.16264125577272529, 0.1288836229183876, 0.21378718526505233, 2.6780283312949327E-4, 0.0018220886867932294, 0.333624115556333]
Input: [D@7a675056 -> Output: [0.002955071439722249, 0.16314249795143235, 1.0024706740928493E-5, 0.005093993150148813, 0.01720323557381178, 0.21861104724959632, 0.005724098591080363, 0.0046044997606389144, 0.4023258719257061]
Input: [D@d21a74c -> Output: [1.0202607989975814E-4, 0.4534465815022553, 9.165815266180184E-5, 1.4380486799477727E-4, 0.43604445028203787, 0.015276850494395654, 0.32847971433159434, 0.09899821070193196, 0.015093083043609953]
Input: [D@6e509ffa -> Output: [0.15981384889661363, 0.0015738385746866482, 0.18202771320497244, 0.0030099036187988992, 0.27248595861419245, 0.007680479429580611, 0.14353316786787912, 0.01931719773584258, 0.18528197866876517]
Input: [D@2898ac89 -> Output: [0.0484103723426953, 0.18371878390553356, 1.6025796719426818E-6, 0.09179479262376693, 0.0777281428187127, 0.13050500946501273, 0.13024155122599992, 0.053223282542023444, 0.1432148140176905]
Input: [D@683dbc2c -> Output: [0.10886681961124937, 0.07899847672621674, 5.058566160632783E-6, 0.0360985719767617, 0.004935147258831791, 0.2363891482604079, 0.0137347951805299, 0.19629191894728915, 0.1085234779508467]
Input: [D@68267da0 -> Output: [0.001773611404463783, 0.2450812950663366, 4.4327176133986097E-4, 0.3773888439747113, 4.828418291316382E-4, 0.05432760777953122, 0.26324732681840385, 0.1398234723290581, 0.006456679457806657]
Input: [D@2638011 -> Output: [6.735759877757102E-4, 0.704342766733691, 1.9971222512046884E-4, 0.0016573569229902366, 0.006082074833331691, 0.10014412498782568, 0.0019220118331240662, 0.002438939779320871, 0.2274680465560201]
Input: [D@6ff29830 -> Output: [0.15981384889661363, 0.0015738385746866482, 0.18202771320497244, 0.0030099036187988992, 0.27248595861419245, 0.007680479429580611, 0.14353316786787912, 0.01931719773584258, 0.18528197866876517]
Input: [D@6a2b953e -> Output: [0.0484103723426953, 0.18371878390553356, 1.6025796719426818E-6, 0.09179479262376693, 0.0777281428187127, 0.13050500946501273, 0.13024155122599992, 0.053223282542023444, 0.1432148140176905]
Input: [D@313b2ea6 -> Output: [0.2791716381986358, 0.04238130026184451, 8.430455044397771E-5, 0.19638206323743, 0.4038295199482008, 0.05443842665354019, 0.031801326050651176, 0.10462668657064772, 0.024795114883398015]
Input: [D@2f465398 -> Output: [0.5170676348907481, 0.012063338013026169, 4.8985964070391856E-5, 0.0010011533798204653, 0.08239171741841772, 0.03468161524368339, 0.2915226511926321, 0.1992705548883122, 0.07576030383669587]
Input: [D@548e6d58 -> Output: [0.15981384889661363, 0.0015738385746866482, 0.18202771320497244, 0.0030099036187988992, 0.27248595861419245, 0.007680479429580611, 0.14353316786787912, 0.01931719773584258, 0.18528197866876517]
Input: [D@623a8092 -> Output: [0.09635706291524614, 0.15745171521786044, 0.060132091470683796, 0.14693443066333317, 9.786772908074208E-5, 0.0934895143282638, 0.06344949996896262, 0.06773872872765319, 0.012832119706515072]
Input: [D@a1cdc6d -> Output: [0.04299867585936996, 0.17753835159041031, 0.01521028132721272, 0.026980949234247983, 8.902919458287317E-4, 0.03324710035371458, 0.1027101294995954, 6.186421912091914E-5, 0.16795065737510181]
Input: [D@175b9425 -> Output: [0.05536172069703831, 0.020285835625103776, 0.18223705750141445, 3.436057052228337E-7, 0.009325658729003023, 0.4931995193382423, 0.011818846795139658, 0.0012332180170227032, 0.41859839961185386]
Input: [D@3098cf3b -> Output: [0.15981384889661363, 0.0015738385746866482, 0.18202771320497244, 0.0030099036187988992, 0.27248595861419245, 0.007680479429580611, 0.14353316786787912, 0.01931719773584258, 0.18528197866876517]
Input: [D@610f7aa -> Output: [0.0484103723426953, 0.18371878390553356, 1.6025796719426818E-6, 0.09179479262376693, 0.0777281428187127, 0.13050500946501273, 0.13024155122599992, 0.053223282542023444, 0.1432148140176905]
Input: [D@6a03bcb1 -> Output: [0.0425648639811999, 0.1511131670662102, 1.000777978099413E-5, 0.23248606787938494, 0.032626498455934, 0.06136818968102325, 0.17687728916121082, 0.03103033665583333, 0.005096082282184767]
Input: [D@21b2e768 -> Output: [3.418862335224818E-4, 0.1676882464134435, 6.091641367360182E-5, 0.1151061306069266, 0.050434085949995454, 0.33267224068449663, 0.4108821964135096, 0.03415342696127948, 8.577343521960981E-4]
Input: [D@57250572 -> Output: [0.15981384889661363, 0.0015738385746866482, 0.18202771320497244, 0.0030099036187988992, 0.27248595861419245, 0.007680479429580611, 0.14353316786787912, 0.01931719773584258, 0.18528197866876517]
Input: [D@5609159b -> Output: [0.0484103723426953, 0.18371878390553356, 1.6025796719426818E-6, 0.09179479262376693, 0.0777281428187127, 0.13050500946501273, 0.13024155122599992, 0.053223282542023444, 0.1432148140176905]
Input: [D@2118cddf -> Output: [0.2791716381986358, 0.04238130026184451, 8.430455044397771E-5, 0.19638206323743, 0.4038295199482008, 0.05443842665354019, 0.031801326050651176, 0.10462668657064772, 0.024795114883398015]
Input: [D@17a7f733 -> Output: [0.204978062328674, 0.02290768567516065, 1.0190409729913833E-4, 0.7360949903302889, 0.020724685333427993, 0.05387314540957389, 0.013231940283168481, 0.10741925595746794, 0.022282661890461134]
Input: [D@68567e20 -> Output: [0.2842361273714616, 0.0077031113449779485, 1.3337323762716094E-5, 0.0032944117648591176, 0.10604985563859967, 0.03599248919742893, 0.24954974541745495, 0.31882614063996323, 0.029121427030148726]
Input: [D@76ed1b7c -> Output: [0.15981384889661363, 0.0015738385746866482, 0.18202771320497244, 0.0030099036187988992, 0.27248595861419245, 0.007680479429580611, 0.14353316786787912, 0.01931719773584258, 0.18528197866876517]
Input: [D@11fc564b -> Output: [0.0484103723426953, 0.18371878390553356, 1.6025796719426818E-6, 0.09179479262376693, 0.0777281428187127, 0.13050500946501273, 0.13024155122599992, 0.053223282542023444, 0.1432148140176905]
Input: [D@394a2528 -> Output: [0.006292597092093495, 0.058073340396049486, 4.673672440446244E-5, 0.06871861756003253, 0.013520525058737524, 0.0028595294926609754, 0.23599093040896846, 0.1891543614680455, 0.25277268722466173]
Input: [D@6236eb5f -> Output: [0.15981384889661363, 0.0015738385746866482, 0.18202771320497244, 0.0030099036187988992, 0.27248595861419245, 0.007680479429580611, 0.14353316786787912, 0.01931719773584258, 0.18528197866876517]
Input: [D@7c1e2a9e -> Output: [0.0484103723426953, 0.18371878390553356, 1.6025796719426818E-6, 0.09179479262376693, 0.0777281428187127, 0.13050500946501273, 0.13024155122599992, 0.053223282542023444, 0.1432148140176905]
Input: [D@fa36558 -> Output: [0.08152869801553991, 0.6922833622084874, 3.205558650864492E-5, 0.0332812752128889, 0.13043254801723217, 0.09832024161562984, 0.005831002964129856, 6.989290658440119E-5, 0.04372480489501035]
Input: [D@672872e1 -> Output: [0.041362740491289185, 0.03584969837467467, 6.22568523694139E-4, 0.2689384778397455, 0.012020269336386207, 0.011366366163703514, 0.17765566728118112, 3.189707946296203E-5, 0.7355629793309417]
Input: [D@32910148 -> Output: [0.29493716121300606, 0.025433653287643472, 0.0013835579151111556, 1.0610068350304239E-5, 0.24415177132244725, 0.1353004324484599, 0.04543333938136401, 4.753350529760102E-5, 0.6301711471943656]
Input: [D@3f56875e -> Output: [0.09846286384518002, 0.007813703197697093, 4.323740216301828E-6, 3.655078126013402E-6, 0.8515280571425774, 0.23848860259809784, 0.09523340418133368, 0.03321966998032819, 0.033899308948838296]
Input: [D@2b4bac49 -> Output: [0.15981384889661363, 0.0015738385746866482, 0.18202771320497244, 0.0030099036187988992, 0.27248595861419245, 0.007680479429580611, 0.14353316786787912, 0.01931719773584258, 0.18528197866876517]
Input: [D@fd07cbb -> Output: [0.12240677171687041, 0.09764824563328377, 0.08508063939127665, 0.08277532067999124, 0.14351527717248452, 0.1188611428566207, 0.029110678123276605, 0.11555363306045507, 9.588790421530983E-4]
Input: [D@3571b748 -> Output: [0.011954634053049314, 0.03174188078008726, 4.7736324600430524E-5, 0.05957935140342769, 0.3048689075961797, 0.3041571943894891, 0.3037930472346232, 0.002030850514699719, 0.013210496308591375]
Input: [D@3e96bacf -> Output: [0.029447214749233657, 0.2678450170655663, 0.46687969966008125, 2.904847446000765E-5, 0.440046034275779, 0.017952896058868198, 0.006132816571547448, 7.849412489746541E-4, 0.10956670418297243]
Input: [D@484970b0 -> Output: [0.05646675052742517, 4.3280322669187414E-4, 0.01746225532396293, 4.347456927688906E-6, 0.059811836031032135, 0.5497102198205199, 0.8855723012900779, 0.04715635399260305, 0.08378415806366649]
Input: [D@4470f8a6 -> Output: [0.15981384889661363, 0.0015738385746866482, 0.18202771320497244, 0.0030099036187988992, 0.27248595861419245, 0.007680479429580611, 0.14353316786787912, 0.01931719773584258, 0.18528197866876517]
Input: [D@7c83dc97 -> Output: [0.02681366935387605, 0.15361238723801002, 0.05060164884016525, 0.06819728705878281, 0.1447155418891047, 0.051768094369956386, 0.0024712487618449397, 0.009075314548771063, 0.17840054638159736]
Input: [D@7748410a -> Output: [0.2867678813814136, 0.14160907337078066, 0.07760621374060006, 0.05153373555890355, 0.05987970059419817, 0.0015984659623182892, 6.879277584730196E-5, 0.014234780327025505, 0.38753890285983705]
Input: [D@740773a3 -> Output: [0.5255263713560979, 0.044125291109309815, 0.03025294713255938, 0.001308450139108642, 0.6220171285074624, 0.004445590531351879, 3.556356304985869E-4, 0.08045446890133863, 0.00434662445202154]
Input: [D@37f1104d -> Output: [0.01609203370984936, 0.24059173845353768, 0.09068409406579515, 0.012776640481336162, 0.3350596294921415, 0.010160836870154406, 0.0011751049955044067, 0.041972528340317644, 0.0010553619610289833]
Input: [D@55740540 -> Output: [0.15981384889661363, 0.0015738385746866482, 0.18202771320497244, 0.0030099036187988992, 0.27248595861419245, 0.007680479429580611, 0.14353316786787912, 0.01931719773584258, 0.18528197866876517]
Input: [D@60015ef5 -> Output: [0.09635706291524614, 0.15745171521786044, 0.060132091470683796, 0.14693443066333317, 9.786772908074208E-5, 0.0934895143282638, 0.06344949996896262, 0.06773872872765319, 0.012832119706515072]
Input: [D@2f54a33d -> Output: [0.2095932622080904, 8.350223334272689E-4, 0.051821173459606934, 0.2178163361190942, 2.6426393641234273E-4, 0.11785930456151415, 0.03237779822758384, 0.15926337603125196, 0.5618554986970421]
Input: [D@1018bde2 -> Output: [0.06395518764918573, 0.007996537604831136, 0.5110268404114299, 0.045115726435794146, 1.3242928664710673E-4, 0.031666309436528116, 0.011082235434676986, 0.05886062894294474, 0.45236358832736756]
Input: [D@65b3f4a4 -> Output: [0.15981384889661363, 0.0015738385746866482, 0.18202771320497244, 0.0030099036187988992, 0.27248595861419245, 0.007680479429580611, 0.14353316786787912, 0.01931719773584258, 0.18528197866876517]
Input: [D@f2ff811 -> Output: [0.09635706291524614, 0.15745171521786044, 0.060132091470683796, 0.14693443066333317, 9.786772908074208E-5, 0.0934895143282638, 0.06344949996896262, 0.06773872872765319, 0.012832119706515072]
Input: [D@568ff82 -> Output: [0.09813267677798317, 0.27158316626026147, 0.07646211044000395, 0.003548322205066989, 0.048608326924202694, 1.5718560058093045E-4, 0.2797927503702613, 0.007976849238925632, 0.16610053522818916]
Input: [D@50caa560 -> Output: [0.22255446353973116, 0.012953470992761977, 0.028696588546746234, 0.2538930085848004, 0.016516288042054857, 0.0015255448498564343, 0.0021297453065159955, 0.2043020347672934, 0.3172664661077305]
Input: [D@2a266d09 -> Output: [0.29676548965648264, 0.4376020103026958, 0.22550082155657383, 0.04347798610267281, 0.06447765156118446, 0.018611693585348813, 3.120389505227315E-4, 0.052339350470510575, 5.8067326025439865E-5]
Input: [D@5ab9e72c -> Output: [0.15981384889661363, 0.0015738385746866482, 0.18202771320497244, 0.0030099036187988992, 0.27248595861419245, 0.007680479429580611, 0.14353316786787912, 0.01931719773584258, 0.18528197866876517]
Input: [D@186f8716 -> Output: [0.12240677171687041, 0.09764824563328377, 0.08508063939127665, 0.08277532067999124, 0.14351527717248452, 0.1188611428566207, 0.029110678123276605, 0.11555363306045507, 9.588790421530983E-4]
Input: [D@1d8bd0de -> Output: [0.09082638592673951, 0.42116747247178704, 0.08560355454209168, 0.07485217999914996, 0.01638201851933914, 1.4284552613297953E-4, 0.006895363592812323, 0.03156439163244851, 0.005029650055513922]
Input: [D@45ca843 -> Output: [0.08964122513129257, 0.39865747242935823, 0.008528374314396679, 0.13520881743549834, 0.02420740699691953, 0.0017185938341876042, 0.18203812308429348, 0.1274955778346978, 1.0111465733107821E-4]
Input: [D@11c9af63 -> Output: [0.15981384889661363, 0.0015738385746866482, 0.18202771320497244, 0.0030099036187988992, 0.27248595861419245, 0.007680479429580611, 0.14353316786787912, 0.01931719773584258, 0.18528197866876517]
Input: [D@757acd7b -> Output: [0.12240677171687041, 0.09764824563328377, 0.08508063939127665, 0.08277532067999124, 0.14351527717248452, 0.1188611428566207, 0.029110678123276605, 0.11555363306045507, 9.588790421530983E-4]
Input: [D@36b4fe2a -> Output: [0.011954634053049314, 0.03174188078008726, 4.7736324600430524E-5, 0.05957935140342769, 0.3048689075961797, 0.3041571943894891, 0.3037930472346232, 0.002030850514699719, 0.013210496308591375]
Input: [D@574b560f -> Output: [0.010229179863437526, 0.6138751958320116, 0.020093952558809764, 0.15545453710669993, 3.3440317380671434E-4, 0.2536682555695237, 0.11561526508057664, 1.1239758868710811E-4, 0.01223505511463939]
Input: [D@ba54932 -> Output: [0.12471714049539279, 0.007614138573285312, 0.059082891706286944, 0.10040357200095641, 8.576132273494239E-4, 5.866679055473069E-4, 0.781171907931322, 0.006265252899542211, 0.02758313306040902]
Input: [D@28975c28 -> Output: [0.15981384889661363, 0.0015738385746866482, 0.18202771320497244, 0.0030099036187988992, 0.27248595861419245, 0.007680479429580611, 0.14353316786787912, 0.01931719773584258, 0.18528197866876517]
Input: [D@3943a2be -> Output: [0.02681366935387605, 0.15361238723801002, 0.05060164884016525, 0.06819728705878281, 0.1447155418891047, 0.051768094369956386, 0.0024712487618449397, 0.009075314548771063, 0.17840054638159736]
Input: [D@343570b7 -> Output: [0.042553194978880604, 0.18072353058293203, 2.795430622867545E-4, 0.06112189209835801, 0.11222075095755232, 0.10469793696930657, 3.1456384404314944E-5, 0.10653658514528025, 0.16857229597337695]
Input: [D@157853da -> Output: [0.11206190159132032, 0.4376525616256741, 1.531229701059732E-5, 0.0616292522773805, 0.08253402197855877, 0.4810238780434863, 1.4606939678439763E-4, 0.007202536752683733, 0.02373621966187308]
Input: [D@71c3b41 -> Output: [0.015092721856757753, 0.028168271753525768, 5.640984726172836E-6, 0.13209404658018914, 0.0937523944243348, 0.21336556508556706, 2.513104513206799E-4, 0.10250396021443706, 0.05658884346321772]
Input: [D@236e3f4e -> Output: [0.0014843204533727303, 0.1723109912572083, 7.668294163002784E-5, 0.18956975438013604, 0.320343282840902, 0.009129623108723822, 0.014104691572457488, 0.022026609381864008, 0.0193477023427004]
Input: [D@3cc1435c -> Output: [0.15981384889661363, 0.0015738385746866482, 0.18202771320497244, 0.0030099036187988992, 0.27248595861419245, 0.007680479429580611, 0.14353316786787912, 0.01931719773584258, 0.18528197866876517]
Input: [D@6bf0219d -> Output: [0.0484103723426953, 0.18371878390553356, 1.6025796719426818E-6, 0.09179479262376693, 0.0777281428187127, 0.13050500946501273, 0.13024155122599992, 0.053223282542023444, 0.1432148140176905]
Input: [D@dd0c991 -> Output: [0.0425648639811999, 0.1511131670662102, 1.000777978099413E-5, 0.23248606787938494, 0.032626498455934, 0.06136818968102325, 0.17687728916121082, 0.03103033665583333, 0.005096082282184767]
Input: [D@5f16132a -> Output: [0.3511924891919374, 0.06340365099427271, 0.03575246089184913, 0.2946327087121976, 0.0142131264172578, 0.19852914108628428, 1.2064489441804121E-5, 0.09424587983797648, 0.001293893754263745]
Input: [D@69fb6037 -> Output: [5.385093800843755E-4, 0.16273271239974227, 9.86476225839591E-4, 0.271783229712284, 0.07278869321720306, 0.15859614708782502, 0.008803671631226008, 0.0324058200331735, 0.0015505275629779606]
Input: [D@36d585c -> Output: [0.15981384889661363, 0.0015738385746866482, 0.18202771320497244, 0.0030099036187988992, 0.27248595861419245, 0.007680479429580611, 0.14353316786787912, 0.01931719773584258, 0.18528197866876517]
Input: [D@87a85e1 -> Output: [0.12240677171687041, 0.09764824563328377, 0.08508063939127665, 0.08277532067999124, 0.14351527717248452, 0.1188611428566207, 0.029110678123276605, 0.11555363306045507, 9.588790421530983E-4]
Input: [D@671a5887 -> Output: [0.0771864828168605, 0.05321060802273086, 0.254278049401244, 0.08815359782869445, 0.0023674606538446994, 0.047246153489811635, 0.05467551331681738, 0.04203654292339487, 9.361938071565114E-4]
Input: [D@5552768b -> Output: [0.13300147488580893, 0.09071631958812076, 0.014068781677896991, 3.43549515725188E-5, 0.01709375119995139, 0.1317703485747012, 0.131952257865326, 0.6728178121859449, 9.909178753054318E-5]
Input: [D@3c947bc5 -> Output: [0.4326650568937763, 0.19414425892531964, 0.3060612277623984, 1.3117021626841757E-4, 0.00477926128609057, 0.07694670335041587, 0.004519260717772937, 3.0071845400095733E-4, 0.11999900381224429]
Input: [D@609db43b -> Output: [0.017488392876359973, 0.7587782939016005, 1.1252094808780191E-4, 3.39691434467287E-4, 0.003771385342292919, 0.20797846629945238, 0.2659088337856681, 0.011426903070487422, 9.73346004468858E-4]
Input: [D@55f616cf -> Output: [0.15981384889661363, 0.0015738385746866482, 0.18202771320497244, 0.0030099036187988992, 0.27248595861419245, 0.007680479429580611, 0.14353316786787912, 0.01931719773584258, 0.18528197866876517]
Input: [D@1356d4d4 -> Output: [0.09635706291524614, 0.15745171521786044, 0.060132091470683796, 0.14693443066333317, 9.786772908074208E-5, 0.0934895143282638, 0.06344949996896262, 0.06773872872765319, 0.012832119706515072]
Input: [D@c03cf28 -> Output: [0.09813267677798317, 0.27158316626026147, 0.07646211044000395, 0.003548322205066989, 0.048608326924202694, 1.5718560058093045E-4, 0.2797927503702613, 0.007976849238925632, 0.16610053522818916]
Input: [D@1329eff -> Output: [0.22255446353973116, 0.012953470992761977, 0.028696588546746234, 0.2538930085848004, 0.016516288042054857, 0.0015255448498564343, 0.0021297453065159955, 0.2043020347672934, 0.3172664661077305]
Input: [D@6497b078 -> Output: [1.584770387951346E-4, 0.25127393380800095, 0.07723388515494502, 3.0192664556486035E-4, 0.04653722666486068, 0.04324976065539004, 7.265671909485983E-4, 0.17036464207266006, 0.10620408310954708]
Input: [D@41c2284a -> Output: [0.15981384889661363, 0.0015738385746866482, 0.18202771320497244, 0.0030099036187988992, 0.27248595861419245, 0.007680479429580611, 0.14353316786787912, 0.01931719773584258, 0.18528197866876517]
Input: [D@53aad5d5 -> Output: [7.036108814199627E-6, 0.19144802548528528, 0.2107416751328593, 0.05152529677088277, 0.013159379586739935, 0.05536505631205762, 0.1508860140037384, 0.05810912498757014, 0.1575826506437458]
Input: [D@46fa7c39 -> Output: [0.0025935292177614276, 0.010450194816617377, 0.006480515417097199, 0.3292031038936748, 0.16747503431552324, 0.04086869144086068, 0.008307176020176645, 0.22289422890000607, 0.1384957008584514]
Input: [D@1fb700ee -> Output: [0.06395518764918573, 0.007996537604831136, 0.5110268404114299, 0.045115726435794146, 1.3242928664710673E-4, 0.031666309436528116, 0.011082235434676986, 0.05886062894294474, 0.45236358832736756]
Input: [D@4f67eb2a -> Output: [0.15981384889661363, 0.0015738385746866482, 0.18202771320497244, 0.0030099036187988992, 0.27248595861419245, 0.007680479429580611, 0.14353316786787912, 0.01931719773584258, 0.18528197866876517]
Input: [D@4a668b6e -> Output: [0.0484103723426953, 0.18371878390553356, 1.6025796719426818E-6, 0.09179479262376693, 0.0777281428187127, 0.13050500946501273, 0.13024155122599992, 0.053223282542023444, 0.1432148140176905]
Input: [D@5f683daf -> Output: [0.0016967192523446419, 0.030118196108419478, 5.1752688888237045E-5, 0.37869411208155485, 0.01585841284430605, 0.026603200313580665, 0.1257911090252901, 0.1478769246486268, 0.11467029192178817]
Input: [D@78ffe6dc -> Output: [0.0028279686422910495, 0.05018649499449428, 1.3876636653294762E-4, 4.254886456008533E-4, 0.5363752188293867, 0.26056617424976086, 0.01772039232199543, 0.1513312123805151, 0.020309858553292648]
Input: [D@8317c52 -> Output: [0.0072920409297987515, 0.09497753669822073, 6.147550532173095E-4, 1.159410998657865E-4, 0.19309586079300606, 0.1257938143760748, 0.08601654494929693, 0.1928883846069741, 0.005685388378454629]
Input: [D@76f2bbc1 -> Output: [0.15981384889661363, 0.0015738385746866482, 0.18202771320497244, 0.0030099036187988992, 0.27248595861419245, 0.007680479429580611, 0.14353316786787912, 0.01931719773584258, 0.18528197866876517]
Input: [D@68e965f5 -> Output: [0.0484103723426953, 0.18371878390553356, 1.6025796719426818E-6, 0.09179479262376693, 0.0777281428187127, 0.13050500946501273, 0.13024155122599992, 0.053223282542023444, 0.1432148140176905]
Input: [D@6f27a732 -> Output: [0.27752857161877437, 0.013930602073990559, 6.745119727526162E-6, 9.349641193316225E-6, 0.35616222472573056, 0.18762832018797404, 0.04892406111139668, 0.14069772260802643, 0.30244897133170295]
Input: [D@6c779568 -> Output: [0.17649065782277804, 0.09523458189119628, 4.481829958956219E-5, 1.7467082382996356E-4, 0.10098390601192442, 0.08235879387195015, 0.011582960334866419, 0.09785467953706554, 0.12163993033204867]
Input: [D@f381794 -> Output: [0.15981384889661363, 0.0015738385746866482, 0.18202771320497244, 0.0030099036187988992, 0.27248595861419245, 0.007680479429580611, 0.14353316786787912, 0.01931719773584258, 0.18528197866876517]
Input: [D@2cdd0d4b -> Output: [0.02681366935387605, 0.15361238723801002, 0.05060164884016525, 0.06819728705878281, 0.1447155418891047, 0.051768094369956386, 0.0024712487618449397, 0.009075314548771063, 0.17840054638159736]
Input: [D@7e9131d5 -> Output: [0.05513579683480038, 0.002547403801593037, 0.074310138883493, 0.1076132607535813, 0.19511613618626936, 0.03047410067439338, 0.0023035897849628785, 0.1174601487774556, 0.1588878835188286]
Input: [D@2e1d27ba -> Output: [0.7729729325645973, 0.006076402157471201, 0.030793844560235158, 0.17216287505890143, 0.15558052852167145, 0.023011244359708066, 0.001346392191093365, 4.3946445578583267E-4, 0.02804408632667604]
Input: [D@61d6015a -> Output: [0.0028477581881825786, 0.019463401793861766, 0.059154210689090256, 0.013703831737894143, 0.35970815922821664, 0.2975051558192089, 0.0041731469207124255, 0.0017165974169538703, 0.016205200456045173]
Input: [D@2525ff7e -> Output: [0.005763167070330113, 0.007665141959348544, 0.0030608613169127424, 0.7443098681728216, 0.1872238898202883, 0.0017666940796563103, 0.0121133377632688, 0.005676757938814891, 0.014421563423471]
Input: [D@524d6d96 -> Output: [0.15981384889661363, 0.0015738385746866482, 0.18202771320497244, 0.0030099036187988992, 0.27248595861419245, 0.007680479429580611, 0.14353316786787912, 0.01931719773584258, 0.18528197866876517]
Input: [D@152aa092 -> Output: [0.09635706291524614, 0.15745171521786044, 0.060132091470683796, 0.14693443066333317, 9.786772908074208E-5, 0.0934895143282638, 0.06344949996896262, 0.06773872872765319, 0.012832119706515072]
Input: [D@44a7bfbc -> Output: [0.09813267677798317, 0.27158316626026147, 0.07646211044000395, 0.003548322205066989, 0.048608326924202694, 1.5718560058093045E-4, 0.2797927503702613, 0.007976849238925632, 0.16610053522818916]
Input: [D@4ef37659 -> Output: [1.7792827658371307E-5, 0.3136222655500815, 0.0020583319125901263, 0.05450921701145385, 0.02303624538046772, 4.960006983375265E-4, 0.7844222910770824, 0.012264963802212037, 0.12991226475641057]
Input: [D@776b83cc -> Output: [1.584770387951346E-4, 0.25127393380800095, 0.07723388515494502, 3.0192664556486035E-4, 0.04653722666486068, 0.04324976065539004, 7.265671909485983E-4, 0.17036464207266006, 0.10620408310954708]
Input: [D@37858383 -> Output: [0.15981384889661363, 0.0015738385746866482, 0.18202771320497244, 0.0030099036187988992, 0.27248595861419245, 0.007680479429580611, 0.14353316786787912, 0.01931719773584258, 0.18528197866876517]
Input: [D@4e268090 -> Output: [0.09635706291524614, 0.15745171521786044, 0.060132091470683796, 0.14693443066333317, 9.786772908074208E-5, 0.0934895143282638, 0.06344949996896262, 0.06773872872765319, 0.012832119706515072]
Input: [D@1bb266b3 -> Output: [0.09813267677798317, 0.27158316626026147, 0.07646211044000395, 0.003548322205066989, 0.048608326924202694, 1.5718560058093045E-4, 0.2797927503702613, 0.007976849238925632, 0.16610053522818916]
Input: [D@306cf3ea -> Output: [0.03904925227595694, 0.021359733244598722, 0.03446090069660781, 0.0017984130066089456, 0.00420281905406505, 0.005605582478638023, 0.5086908314703088, 0.011962943018500899, 0.6553828721462988]
Input: [D@2beee7ff -> Output: [0.1312209064254563, 0.022154947856753097, 0.23782118292051224, 0.03671961887280156, 1.1343088004478764E-4, 0.003496008712075872, 0.2800489906667134, 0.09453321616545106, 0.010564536735207204]
Input: [D@5136d012 -> Output: [0.15981384889661363, 0.0015738385746866482, 0.18202771320497244, 0.0030099036187988992, 0.27248595861419245, 0.007680479429580611, 0.14353316786787912, 0.01931719773584258, 0.18528197866876517]
Input: [D@5939a379 -> Output: [0.12240677171687041, 0.09764824563328377, 0.08508063939127665, 0.08277532067999124, 0.14351527717248452, 0.1188611428566207, 0.029110678123276605, 0.11555363306045507, 9.588790421530983E-4]
Input: [D@e1de817 -> Output: [0.011954634053049314, 0.03174188078008726, 4.7736324600430524E-5, 0.05957935140342769, 0.3048689075961797, 0.3041571943894891, 0.3037930472346232, 0.002030850514699719, 0.013210496308591375]
Input: [D@52102734 -> Output: [0.0018141595926692421, 0.3421773243596071, 0.33497669314167117, 0.0163394153646137, 0.0530768964914645, 0.0010150004208361277, 0.19017992694086783, 8.392879315894228E-4, 0.02013801011712093]
Input: [D@3541cb24 -> Output: [0.15981384889661363, 0.0015738385746866482, 0.18202771320497244, 0.0030099036187988992, 0.27248595861419245, 0.007680479429580611, 0.14353316786787912, 0.01931719773584258, 0.18528197866876517]
Input: [D@2177849e -> Output: [0.12240677171687041, 0.09764824563328377, 0.08508063939127665, 0.08277532067999124, 0.14351527717248452, 0.1188611428566207, 0.029110678123276605, 0.11555363306045507, 9.588790421530983E-4]
Input: [D@40cb8df7 -> Output: [0.0425648639811999, 0.1511131670662102, 1.000777978099413E-5, 0.23248606787938494, 0.032626498455934, 0.06136818968102325, 0.17687728916121082, 0.03103033665583333, 0.005096082282184767]
Input: [D@13b13b5d -> Output: [0.19244322905452835, 0.20688801378610483, 4.588997037347171E-5, 8.615422457646463E-5, 0.10700297672295826, 0.3689663958754222, 0.10310274003314178, 0.021195191053306032, 0.0028731191936465267]
Input: [D@2892dae4 -> Output: [0.15981384889661363, 0.0015738385746866482, 0.18202771320497244, 0.0030099036187988992, 0.27248595861419245, 0.007680479429580611, 0.14353316786787912, 0.01931719773584258, 0.18528197866876517]
Input: [D@355ce81c -> Output: [0.09635706291524614, 0.15745171521786044, 0.060132091470683796, 0.14693443066333317, 9.786772908074208E-5, 0.0934895143282638, 0.06344949996896262, 0.06773872872765319, 0.012832119706515072]
Input: [D@29647f75 -> Output: [0.0024086794058769518, 0.006238079877779071, 0.14085301302396894, 0.04347632208404212, 1.6676119062068127E-4, 0.10841215180283346, 0.2268896258406854, 0.08602290963815667, 0.2422487529806714]
Input: [D@3315d2d7 -> Output: [1.7792827658371307E-5, 0.3136222655500815, 0.0020583319125901263, 0.05450921701145385, 0.02303624538046772, 4.960006983375265E-4, 0.7844222910770824, 0.012264963802212037, 0.12991226475641057]
Input: [D@d6e7bab -> Output: [1.584770387951346E-4, 0.25127393380800095, 0.07723388515494502, 3.0192664556486035E-4, 0.04653722666486068, 0.04324976065539004, 7.265671909485983E-4, 0.17036464207266006, 0.10620408310954708]
Input: [D@5fa07e12 -> Output: [0.005242936692481794, 0.0022600205400165963, 0.19711166705759497, 0.05853796105064955, 0.00829525066740991, 0.005032739787434519, 2.999960628726797E-4, 0.19527789708354787, 0.6153441971917142]
Input: [D@55b53d44 -> Output: [0.15981384889661363, 0.0015738385746866482, 0.18202771320497244, 0.0030099036187988992, 0.27248595861419245, 0.007680479429580611, 0.14353316786787912, 0.01931719773584258, 0.18528197866876517]
Input: [D@482bce4f -> Output: [0.02681366935387605, 0.15361238723801002, 0.05060164884016525, 0.06819728705878281, 0.1447155418891047, 0.051768094369956386, 0.0024712487618449397, 0.009075314548771063, 0.17840054638159736]
Input: [D@366647c2 -> Output: [0.04363131054418307, 0.09381810029022979, 0.07669647056080382, 9.578265569181361E-5, 0.061759419097088, 0.17521110770933648, 0.003831136748056696, 0.16247733716518545, 0.3217688495676236]
Input: [D@6a6afff2 -> Output: [0.22726319520457047, 0.1340763996757038, 0.00483515960454911, 4.346325972786875E-4, 0.04759344292435732, 0.013382420376627494, 1.0797626534506338E-4, 0.6378461571889251, 0.12319603354561186]
Input: [D@1649b0e6 -> Output: [0.12409520720583796, 0.00274814226982936, 0.03145627683962073, 0.00410487423314184, 0.014280580617083273, 0.0017004140410755051, 0.0011927268533875215, 0.16382336622750213, 0.5412910645858819]
Input: [D@865dd6 -> Output: [0.01724479268013697, 0.0023160267999768193, 0.20023665391191547, 2.903221331890319E-5, 0.1668686826610799, 0.007845032540822415, 0.035974211654030294, 0.08732442660451575, 0.10067822672425956]
Input: [D@4da4253 -> Output: [0.15981384889661363, 0.0015738385746866482, 0.18202771320497244, 0.0030099036187988992, 0.27248595861419245, 0.007680479429580611, 0.14353316786787912, 0.01931719773584258, 0.18528197866876517]
Input: [D@3972a855 -> Output: [0.12240677171687041, 0.09764824563328377, 0.08508063939127665, 0.08277532067999124, 0.14351527717248452, 0.1188611428566207, 0.029110678123276605, 0.11555363306045507, 9.588790421530983E-4]
Input: [D@62e7f11d -> Output: [0.23014956116398752, 0.16429723960402734, 0.07293795437294859, 0.2037323072044739, 0.19258062736282555, 0.06897913552576264, 4.958657103582646E-5, 0.03672272394806425, 2.326203091934864E-4]
Input: [D@503d687a -> Output: [0.6344702529171186, 0.013586649555952408, 0.06510781617276896, 0.31131780006747567, 0.02518198520781182, 0.041503695495025646, 0.0015041608242451058, 0.042444282566688626, 7.368180288787456E-4]
Input: [D@6a370f4 -> Output: [0.08921427450725293, 0.2304346856029316, 0.14772091600485351, 4.109902743301564E-4, 0.023538585165186636, 0.10890637493293208, 0.0030874116461469168, 0.3594099943461564, 6.277277255608151E-5]
Input: [D@2abf4075 -> Output: [0.15981384889661363, 0.0015738385746866482, 0.18202771320497244, 0.0030099036187988992, 0.27248595861419245, 0.007680479429580611, 0.14353316786787912, 0.01931719773584258, 0.18528197866876517]
Input: [D@770d3326 -> Output: [7.036108814199627E-6, 0.19144802548528528, 0.2107416751328593, 0.05152529677088277, 0.013159379586739935, 0.05536505631205762, 0.1508860140037384, 0.05810912498757014, 0.1575826506437458]
Input: [D@4cc8eb05 -> Output: [2.858028421026122E-4, 0.3789870812710828, 0.32274983692945924, 0.26807838735739997, 0.18925502805257946, 0.03224815832567944, 0.009039270679612727, 9.512872542750627E-5, 0.006036924039004434]
Input: [D@51f116b8 -> Output: [2.714525891025195E-4, 0.2502871636986287, 0.7268257787927873, 5.07056019277153E-5, 0.04147426982481216, 0.054350983786787634, 0.05613612699206687, 5.141570031165445E-4, 0.037592384920707045]
Input: [D@19d481b -> Output: [0.002955071439722249, 0.16314249795143235, 1.0024706740928493E-5, 0.005093993150148813, 0.01720323557381178, 0.21861104724959632, 0.005724098591080363, 0.0046044997606389144, 0.4023258719257061]
Input: [D@1f97cf0d -> Output: [2.2067515312135523E-4, 0.545815953106302, 3.137718528261489E-5, 1.269016952079392E-5, 0.12703986725949515, 0.3373382820397236, 0.2597361390625859, 0.0020111967938267264, 0.02169591695250973]
Input: [D@140c9f39 -> Output: [0.15981384889661363, 0.0015738385746866482, 0.18202771320497244, 0.0030099036187988992, 0.27248595861419245, 0.007680479429580611, 0.14353316786787912, 0.01931719773584258, 0.18528197866876517]
Input: [D@4d910fd6 -> Output: [0.02681366935387605, 0.15361238723801002, 0.05060164884016525, 0.06819728705878281, 0.1447155418891047, 0.051768094369956386, 0.0024712487618449397, 0.009075314548771063, 0.17840054638159736]
Input: [D@26275bef -> Output: [0.05513579683480038, 0.002547403801593037, 0.074310138883493, 0.1076132607535813, 0.19511613618626936, 0.03047410067439338, 0.0023035897849628785, 0.1174601487774556, 0.1588878835188286]
Input: [D@7690781 -> Output: [0.12269986536210119, 0.0013551694476217, 0.026212713731809056, 4.391102227272926E-4, 0.04742833564666309, 0.041351742171494094, 0.06290931337250809, 0.13088171029117618, 0.36961625592763586]
Input: [D@77eca502 -> Output: [0.15981384889661363, 0.0015738385746866482, 0.18202771320497244, 0.0030099036187988992, 0.27248595861419245, 0.007680479429580611, 0.14353316786787912, 0.01931719773584258, 0.18528197866876517]
Input: [D@3246fb96 -> Output: [0.02681366935387605, 0.15361238723801002, 0.05060164884016525, 0.06819728705878281, 0.1447155418891047, 0.051768094369956386, 0.0024712487618449397, 0.009075314548771063, 0.17840054638159736]
Input: [D@2e222612 -> Output: [0.042553194978880604, 0.18072353058293203, 2.795430622867545E-4, 0.06112189209835801, 0.11222075095755232, 0.10469793696930657, 3.1456384404314944E-5, 0.10653658514528025, 0.16857229597337695]
Input: [D@61386958 -> Output: [0.3511924891919374, 0.06340365099427271, 0.03575246089184913, 0.2946327087121976, 0.0142131264172578, 0.19852914108628428, 1.2064489441804121E-5, 0.09424587983797648, 0.001293893754263745]
Input: [D@73ee04c8 -> Output: [5.385093800843755E-4, 0.16273271239974227, 9.86476225839591E-4, 0.271783229712284, 0.07278869321720306, 0.15859614708782502, 0.008803671631226008, 0.0324058200331735, 0.0015505275629779606]
Input: [D@7671cb68 -> Output: [0.15981384889661363, 0.0015738385746866482, 0.18202771320497244, 0.0030099036187988992, 0.27248595861419245, 0.007680479429580611, 0.14353316786787912, 0.01931719773584258, 0.18528197866876517]
Input: [D@49dc7102 -> Output: [0.09635706291524614, 0.15745171521786044, 0.060132091470683796, 0.14693443066333317, 9.786772908074208E-5, 0.0934895143282638, 0.06344949996896262, 0.06773872872765319, 0.012832119706515072]
Input: [D@6b8ca3c8 -> Output: [0.0771864828168605, 0.05321060802273086, 0.254278049401244, 0.08815359782869445, 0.0023674606538446994, 0.047246153489811635, 0.05467551331681738, 0.04203654292339487, 9.361938071565114E-4]
Input: [D@68c72235 -> Output: [0.014741104367232364, 0.3133008928975822, 9.474017562878871E-5, 0.009841595172279284, 0.0017621346337612098, 0.09611425579511021, 0.5179378861919834, 0.021113310917558737, 0.01563858944904954]
Input: [D@10959ece -> Output: [0.15981384889661363, 0.0015738385746866482, 0.18202771320497244, 0.0030099036187988992, 0.27248595861419245, 0.007680479429580611, 0.14353316786787912, 0.01931719773584258, 0.18528197866876517]
Input: [D@3a6bb9bf -> Output: [0.02681366935387605, 0.15361238723801002, 0.05060164884016525, 0.06819728705878281, 0.1447155418891047, 0.051768094369956386, 0.0024712487618449397, 0.009075314548771063, 0.17840054638159736]
Input: [D@34f7cfd9 -> Output: [0.23014956116398752, 0.16429723960402734, 0.07293795437294859, 0.2037323072044739, 0.19258062736282555, 0.06897913552576264, 4.958657103582646E-5, 0.03672272394806425, 2.326203091934864E-4]
Input: [D@65f095f8 -> Output: [0.025187612221245617, 6.595597075902711E-4, 0.1022583690986162, 0.20675338201533366, 0.14710813113707996, 0.04592749048712444, 0.002224564108285875, 0.2828616428756953, 0.005609294623483203]
Input: [D@59af0466 -> Output: [0.2855571149658664, 0.00903603041928826, 0.0017700253627992318, 0.14537248996788638, 0.07410532293203499, 0.32762772938706497, 2.3779543098195982E-4, 0.21710715905403757, 5.688694545043036E-4]
Input: [D@3e6ef8ad -> Output: [0.15981384889661363, 0.0015738385746866482, 0.18202771320497244, 0.0030099036187988992, 0.27248595861419245, 0.007680479429580611, 0.14353316786787912, 0.01931719773584258, 0.18528197866876517]
Input: [D@346d61be -> Output: [0.12240677171687041, 0.09764824563328377, 0.08508063939127665, 0.08277532067999124, 0.14351527717248452, 0.1188611428566207, 0.029110678123276605, 0.11555363306045507, 9.588790421530983E-4]
Input: [D@55536d9e -> Output: [0.23014956116398752, 0.16429723960402734, 0.07293795437294859, 0.2037323072044739, 0.19258062736282555, 0.06897913552576264, 4.958657103582646E-5, 0.03672272394806425, 2.326203091934864E-4]
Input: [D@747edf66 -> Output: [0.3511924891919374, 0.06340365099427271, 0.03575246089184913, 0.2946327087121976, 0.0142131264172578, 0.19852914108628428, 1.2064489441804121E-5, 0.09424587983797648, 0.001293893754263745]
Input: [D@3d1cfad4 -> Output: [0.15981384889661363, 0.0015738385746866482, 0.18202771320497244, 0.0030099036187988992, 0.27248595861419245, 0.007680479429580611, 0.14353316786787912, 0.01931719773584258, 0.18528197866876517]
Input: [D@62230c58 -> Output: [0.0484103723426953, 0.18371878390553356, 1.6025796719426818E-6, 0.09179479262376693, 0.0777281428187127, 0.13050500946501273, 0.13024155122599992, 0.053223282542023444, 0.1432148140176905]
Input: [D@2cd2a21f -> Output: [0.006292597092093495, 0.058073340396049486, 4.673672440446244E-5, 0.06871861756003253, 0.013520525058737524, 0.0028595294926609754, 0.23599093040896846, 0.1891543614680455, 0.25277268722466173]
Input: [D@2e55dd0c -> Output: [0.009578977313259896, 0.5458415522381789, 0.009656091641073524, 0.011611931894485882, 0.11205292076938232, 0.010540040935653562, 8.638059440645118E-5, 0.07526881895545356, 0.316490843982388]
Input: [D@74455848 -> Output: [0.03128883189985264, 0.2187057232770189, 3.3226122620068414E-4, 0.12926060142089824, 0.39112097491592385, 0.041819014387961186, 2.1234783690922026E-5, 0.07385911276517913, 0.11175934564270744]
Input: [D@e7edb54 -> Output: [0.15981384889661363, 0.0015738385746866482, 0.18202771320497244, 0.0030099036187988992, 0.27248595861419245, 0.007680479429580611, 0.14353316786787912, 0.01931719773584258, 0.18528197866876517]
Input: [D@378542de -> Output: [0.0484103723426953, 0.18371878390553356, 1.6025796719426818E-6, 0.09179479262376693, 0.0777281428187127, 0.13050500946501273, 0.13024155122599992, 0.053223282542023444, 0.1432148140176905]
Input: [D@3738449f -> Output: [0.006292597092093495, 0.058073340396049486, 4.673672440446244E-5, 0.06871861756003253, 0.013520525058737524, 0.0028595294926609754, 0.23599093040896846, 0.1891543614680455, 0.25277268722466173]
Input: [D@69e1dd28 -> Output: [0.009578977313259896, 0.5458415522381789, 0.009656091641073524, 0.011611931894485882, 0.11205292076938232, 0.010540040935653562, 8.638059440645118E-5, 0.07526881895545356, 0.316490843982388]
Input: [D@11bd0f3b -> Output: [0.03128883189985264, 0.2187057232770189, 3.3226122620068414E-4, 0.12926060142089824, 0.39112097491592385, 0.041819014387961186, 2.1234783690922026E-5, 0.07385911276517913, 0.11175934564270744]
Input: [D@c333c60 -> Output: [0.030813210558103165, 0.01904074283559007, 6.583342592524616E-4, 0.9091444634107678, 0.016765122016453055, 0.0012592753706454432, 0.010684328461514108, 6.914557825073752E-4, 0.1592609604761773]
Input: [D@79da8dc5 -> Output: [0.5402901781499431, 0.03376439674280539, 4.1674250045000495E-4, 0.0020410724387363395, 0.03341055774755021, 0.008452252731429011, 0.0010894825006079398, 0.008901635650745093, 0.17723293601802745]
Input: [D@1eb5174b -> Output: [0.15981384889661363, 0.0015738385746866482, 0.18202771320497244, 0.0030099036187988992, 0.27248595861419245, 0.007680479429580611, 0.14353316786787912, 0.01931719773584258, 0.18528197866876517]
Input: [D@67080771 -> Output: [0.09635706291524614, 0.15745171521786044, 0.060132091470683796, 0.14693443066333317, 9.786772908074208E-5, 0.0934895143282638, 0.06344949996896262, 0.06773872872765319, 0.012832119706515072]
Input: [D@72cde7cc -> Output: [0.12372368896804707, 0.025830709878273145, 0.19503866371530543, 2.556628449340651E-4, 0.002603918914484781, 0.025887519403720406, 0.21789555284671383, 0.1109344107056196, 0.13839387454212312]
Input: [D@5fd4f8f5 -> Output: [0.011681712334143684, 0.036088156498265474, 0.11823684069413933, 0.0011883772073437778, 0.029891846873651828, 0.17172187951871393, 0.019865207216496095, 0.18834354086309935, 0.30205321173569727]
Input: [D@696da30b -> Output: [0.26159949857333276, 6.80534197600602E-4, 0.019996845311420743, 4.772529390326591E-4, 0.0071644413737721475, 0.29095219264847294, 0.020861649030666864, 0.03529197639194455, 0.7048903798617213]
Input: [D@4e7912d8 -> Output: [0.15981384889661363, 0.0015738385746866482, 0.18202771320497244, 0.0030099036187988992, 0.27248595861419245, 0.007680479429580611, 0.14353316786787912, 0.01931719773584258, 0.18528197866876517]
[...]
Input: [D@3e08ff24 -> Output: [0.09082638592673951, 0.42116747247178704, 0.08560355454209168, 0.07485217999914996, 0.01638201851933914, 1.4284552613297953E-4, 0.006895363592812323, 0.03156439163244851, 0.005029650055513922]
Input: [D@4d1c005e -> Output: [0.49365264835620765, 3.272862378535657E-4, 0.034490679984717894, 0.04465892309125108, 0.1747215263662016, 9.637484317804896E-5, 0.05156771274103725, 0.21515289635046453, 0.14660634948618614]
Input: [D@8462f31 -> Output: [0.1312209064254563, 0.022154947856753097, 0.23782118292051224, 0.03671961887280156, 1.1343088004478764E-4, 0.003496008712075872, 0.2800489906667134, 0.09453321616545106, 0.010564536735207204]
Input: [D@24569dba -> Output: [0.36217948709598113, 0.002173619745488319, 0.2619221699430731, 0.13942860826109596, 0.0011415179681171295, 0.0029517576503900102, 0.021977417254660604, 0.1120642389166002, 0.025752471793101216]
Input: [D@5ddeb7cb -> Output: [0.15981384889661363, 0.0015738385746866482, 0.18202771320497244, 0.0030099036187988992, 0.27248595861419245, 0.007680479429580611, 0.14353316786787912, 0.01931719773584258, 0.18528197866876517]
Input: [D@70ed52de -> Output: [0.0484103723426953, 0.18371878390553356, 1.6025796719426818E-6, 0.09179479262376693, 0.0777281428187127, 0.13050500946501273, 0.13024155122599992, 0.053223282542023444, 0.1432148140176905]
Input: [D@496bc455 -> Output: [0.042553194978880604, 0.18072353058293203, 2.795430622867545E-4, 0.06112189209835801, 0.11222075095755232, 0.10469793696930657, 3.1456384404314944E-5, 0.10653658514528025, 0.16857229597337695]
Input: [D@59402b8f -> Output: [0.3511924891919374, 0.06340365099427271, 0.03575246089184913, 0.2946327087121976, 0.0142131264172578, 0.19852914108628428, 1.2064489441804121E-5, 0.09424587983797648, 0.001293893754263745]
Input: [D@7188af83 -> Output: [0.15981384889661363, 0.0015738385746866482, 0.18202771320497244, 0.0030099036187988992, 0.27248595861419245, 0.007680479429580611, 0.14353316786787912, 0.01931719773584258, 0.18528197866876517]
Input: [D@6be968ce -> Output: [7.036108814199627E-6, 0.19144802548528528, 0.2107416751328593, 0.05152529677088277, 0.013159379586739935, 0.05536505631205762, 0.1508860140037384, 0.05810912498757014, 0.1575826506437458]
Input: [D@7c37508a -> Output: [6.805099327423249E-4, 0.011503775741133584, 0.08913136511691111, 0.021365026868573472, 0.30476885860783204, 0.14796505551535646, 1.860178053233554E-4, 0.06032077050994146, 0.32061543518639407]
Input: [D@247310d0 -> Output: [7.055971630740242E-5, 0.046381113103596446, 0.21382012940936812, 1.3673667842458548E-4, 0.07596785310855383, 0.14929405493486173, 9.209808190048179E-4, 0.2598090082011438, 0.10455244299300782]
Input: [D@1033576a -> Output: [0.15981384889661363, 0.0015738385746866482, 0.18202771320497244, 0.0030099036187988992, 0.27248595861419245, 0.007680479429580611, 0.14353316786787912, 0.01931719773584258, 0.18528197866876517]
Input: [D@303cf2ba -> Output: [0.12240677171687041, 0.09764824563328377, 0.08508063939127665, 0.08277532067999124, 0.14351527717248452, 0.1188611428566207, 0.029110678123276605, 0.11555363306045507, 9.588790421530983E-4]
Input: [D@76494737 -> Output: [0.23014956116398752, 0.16429723960402734, 0.07293795437294859, 0.2037323072044739, 0.19258062736282555, 0.06897913552576264, 4.958657103582646E-5, 0.03672272394806425, 2.326203091934864E-4]
Input: [D@4a003cbe -> Output: [0.025187612221245617, 6.595597075902711E-4, 0.1022583690986162, 0.20675338201533366, 0.14710813113707996, 0.04592749048712444, 0.002224564108285875, 0.2828616428756953, 0.005609294623483203]
Input: [D@4082ba93 -> Output: [0.15981384889661363, 0.0015738385746866482, 0.18202771320497244, 0.0030099036187988992, 0.27248595861419245, 0.007680479429580611, 0.14353316786787912, 0.01931719773584258, 0.18528197866876517]
Input: [D@17fc391b -> Output: [0.02681366935387605, 0.15361238723801002, 0.05060164884016525, 0.06819728705878281, 0.1447155418891047, 0.051768094369956386, 0.0024712487618449397, 0.009075314548771063, 0.17840054638159736]
Input: [D@2b30a42c -> Output: [6.805099327423249E-4, 0.011503775741133584, 0.08913136511691111, 0.021365026868573472, 0.30476885860783204, 0.14796505551535646, 1.860178053233554E-4, 0.06032077050994146, 0.32061543518639407]
Input: [D@609e8838 -> Output: [0.009364414834308193, 0.00335953324636939, 0.10723660637969698, 0.4982839792360073, 0.16575056256748452, 0.012226386769605814, 3.3184482950721826E-5, 0.1526436491920138, 0.3198583142868062]
Input: [D@359df09a -> Output: [0.15981384889661363, 0.0015738385746866482, 0.18202771320497244, 0.0030099036187988992, 0.27248595861419245, 0.007680479429580611, 0.14353316786787912, 0.01931719773584258, 0.18528197866876517]
Input: [D@43df23d3 -> Output: [0.0484103723426953, 0.18371878390553356, 1.6025796719426818E-6, 0.09179479262376693, 0.0777281428187127, 0.13050500946501273, 0.13024155122599992, 0.053223282542023444, 0.1432148140176905]
Input: [D@6d60fe40 -> Output: [0.042553194978880604, 0.18072353058293203, 2.795430622867545E-4, 0.06112189209835801, 0.11222075095755232, 0.10469793696930657, 3.1456384404314944E-5, 0.10653658514528025, 0.16857229597337695]
Input: [D@792b749c -> Output: [0.004253291785370968, 0.5639814098860154, 0.0021556266502048074, 4.24313191238264E-4, 0.4072956439032704, 0.1373126077948512, 2.962666554659597E-4, 0.0547834202906019, 0.0833753812868911]
Input: [D@23e84203 -> Output: [0.15981384889661363, 0.0015738385746866482, 0.18202771320497244, 0.0030099036187988992, 0.27248595861419245, 0.007680479429580611, 0.14353316786787912, 0.01931719773584258, 0.18528197866876517]
Input: [D@19932c16 -> Output: [0.12240677171687041, 0.09764824563328377, 0.08508063939127665, 0.08277532067999124, 0.14351527717248452, 0.1188611428566207, 0.029110678123276605, 0.11555363306045507, 9.588790421530983E-4]
Input: [D@73eb439a -> Output: [0.09082638592673951, 0.42116747247178704, 0.08560355454209168, 0.07485217999914996, 0.01638201851933914, 1.4284552613297953E-4, 0.006895363592812323, 0.03156439163244851, 0.005029650055513922]
Input: [D@514646ef -> Output: [0.045669774379710426, 0.3242688871086893, 0.24304634116035964, 8.419064102423743E-6, 0.5283888220376264, 0.00748251542122372, 0.0011103111252957277, 0.07933084656927573, 0.0013877169452598144]
Input: [D@305ffe9e -> Output: [0.15981384889661363, 0.0015738385746866482, 0.18202771320497244, 0.0030099036187988992, 0.27248595861419245, 0.007680479429580611, 0.14353316786787912, 0.01931719773584258, 0.18528197866876517]
Input: [D@302c971f -> Output: [7.036108814199627E-6, 0.19144802548528528, 0.2107416751328593, 0.05152529677088277, 0.013159379586739935, 0.05536505631205762, 0.1508860140037384, 0.05810912498757014, 0.1575826506437458]
Input: [D@1972e513 -> Output: [6.363962281832513E-5, 0.325147759727588, 0.0129124847112993, 0.7816688073987763, 0.03501282503983221, 1.003046775027912E-4, 0.16397227321097388, 0.0025542853492521323, 0.2755641802312468]
Input: [D@7ae0a9ec -> Output: [1.9731722097436012E-4, 0.23275027080840155, 0.008624826119938159, 6.425172885640308E-6, 0.8076108733528174, 0.01220487840675916, 0.023420933731239706, 0.05209880459335435, 0.043123053714461484]
Input: [D@35841320 -> Output: [0.15981384889661363, 0.0015738385746866482, 0.18202771320497244, 0.0030099036187988992, 0.27248595861419245, 0.007680479429580611, 0.14353316786787912, 0.01931719773584258, 0.18528197866876517]
Input: [D@61c4eee0 -> Output: [0.0484103723426953, 0.18371878390553356, 1.6025796719426818E-6, 0.09179479262376693, 0.0777281428187127, 0.13050500946501273, 0.13024155122599992, 0.053223282542023444, 0.1432148140176905]
Input: [D@6f10d5b6 -> Output: [0.2791716381986358, 0.04238130026184451, 8.430455044397771E-5, 0.19638206323743, 0.4038295199482008, 0.05443842665354019, 0.031801326050651176, 0.10462668657064772, 0.024795114883398015]
Input: [D@1040be71 -> Output: [0.204978062328674, 0.02290768567516065, 1.0190409729913833E-4, 0.7360949903302889, 0.020724685333427993, 0.05387314540957389, 0.013231940283168481, 0.10741925595746794, 0.022282661890461134]
Input: [D@548a24a -> Output: [0.2842361273714616, 0.0077031113449779485, 1.3337323762716094E-5, 0.0032944117648591176, 0.10604985563859967, 0.03599248919742893, 0.24954974541745495, 0.31882614063996323, 0.029121427030148726]
Input: [D@433defed -> Output: [0.15981384889661363, 0.0015738385746866482, 0.18202771320497244, 0.0030099036187988992, 0.27248595861419245, 0.007680479429580611, 0.14353316786787912, 0.01931719773584258, 0.18528197866876517]
Input: [D@2a693f59 -> Output: [0.09635706291524614, 0.15745171521786044, 0.060132091470683796, 0.14693443066333317, 9.786772908074208E-5, 0.0934895143282638, 0.06344949996896262, 0.06773872872765319, 0.012832119706515072]
Input: [D@3f4faf53 -> Output: [0.1542613123073105, 0.18050799069641216, 0.005538759058808662, 0.17196047378990112, 8.279338205587786E-4, 0.2093780431325878, 0.04656471839643419, 0.08495528754717471, 0.06170009174796853]
Input: [D@7fd50002 -> Output: [0.22255446353973116, 0.012953470992761977, 0.028696588546746234, 0.2538930085848004, 0.016516288042054857, 0.0015255448498564343, 0.0021297453065159955, 0.2043020347672934, 0.3172664661077305]
Input: [D@533bda92 -> Output: [0.15981384889661363, 0.0015738385746866482, 0.18202771320497244, 0.0030099036187988992, 0.27248595861419245, 0.007680479429580611, 0.14353316786787912, 0.01931719773584258, 0.18528197866876517]
Input: [D@304bb45b -> Output: [0.12240677171687041, 0.09764824563328377, 0.08508063939127665, 0.08277532067999124, 0.14351527717248452, 0.1188611428566207, 0.029110678123276605, 0.11555363306045507, 9.588790421530983E-4]
Input: [D@723ca036 -> Output: [2.873429842263932E-5, 0.4147512583145835, 0.030068752285165257, 0.09731063113202293, 0.05937737464483517, 0.10532523495365521, 0.029012180017403227, 0.1555158585924817, 2.513376308936986E-4]
Input: [D@25be7b63 -> Output: [3.173380231584132E-5, 0.0029649155690062235, 0.0033592674620162794, 0.17705416455582237, 0.18146531037541855, 0.07833990023728984, 0.19269419183411515, 0.3455141560911286, 0.005916364821757442]
Input: [D@28dcca0c -> Output: [0.0014740016789384926, 0.013424762560781232, 0.0037613329430843017, 0.4959294152360294, 0.1195565828097311, 0.14888726660738236, 0.1516929174354217, 0.0015259620493723656, 0.01345462440500089]
Input: [D@45d84a20 -> Output: [5.93181844358778E-5, 0.04725097938526842, 0.014987687324425314, 0.11413100581383487, 0.8255862705594708, 0.004248587429497372, 0.04455014397571407, 0.01047830437673472, 0.0019040384701864744]
Input: [D@52f27fbd -> Output: [0.15981384889661363, 0.0015738385746866482, 0.18202771320497244, 0.0030099036187988992, 0.27248595861419245, 0.007680479429580611, 0.14353316786787912, 0.01931719773584258, 0.18528197866876517]
Input: [D@4c163e3 -> Output: [0.12240677171687041, 0.09764824563328377, 0.08508063939127665, 0.08277532067999124, 0.14351527717248452, 0.1188611428566207, 0.029110678123276605, 0.11555363306045507, 9.588790421530983E-4]
Input: [D@4a8355dd -> Output: [0.0771864828168605, 0.05321060802273086, 0.254278049401244, 0.08815359782869445, 0.0023674606538446994, 0.047246153489811635, 0.05467551331681738, 0.04203654292339487, 9.361938071565114E-4]
Input: [D@4d0d9fe7 -> Output: [0.6344702529171186, 0.013586649555952408, 0.06510781617276896, 0.31131780006747567, 0.02518198520781182, 0.041503695495025646, 0.0015041608242451058, 0.042444282566688626, 7.368180288787456E-4]
Input: [D@c430e6c -> Output: [0.15981384889661363, 0.0015738385746866482, 0.18202771320497244, 0.0030099036187988992, 0.27248595861419245, 0.007680479429580611, 0.14353316786787912, 0.01931719773584258, 0.18528197866876517]
Input: [D@312aa7c -> Output: [0.12240677171687041, 0.09764824563328377, 0.08508063939127665, 0.08277532067999124, 0.14351527717248452, 0.1188611428566207, 0.029110678123276605, 0.11555363306045507, 9.588790421530983E-4]
Input: [D@536f2a7e -> Output: [0.046169774040902604, 0.003199811283686094, 0.003903750308751115, 0.058597509241422194, 0.048365157427734826, 0.458348177790422, 0.2632716868081121, 0.18514898157022072, 0.0028778049805632624]
Input: [D@72bc6553 -> Output: [0.025187612221245617, 6.595597075902711E-4, 0.1022583690986162, 0.20675338201533366, 0.14710813113707996, 0.04592749048712444, 0.002224564108285875, 0.2828616428756953, 0.005609294623483203]
Input: [D@66982506 -> Output: [0.35123645469191406, 4.5538856912956806E-4, 0.32263351339672786, 0.19736167597550683, 1.384413953542643E-4, 0.06627844800612154, 0.017561289571180628, 0.08485035785600159, 0.04449054808295332]
Input: [D@70cf32e3 -> Output: [0.15981384889661363, 0.0015738385746866482, 0.18202771320497244, 0.0030099036187988992, 0.27248595861419245, 0.007680479429580611, 0.14353316786787912, 0.01931719773584258, 0.18528197866876517]
Input: [D@5a59ca5e -> Output: [0.12240677171687041, 0.09764824563328377, 0.08508063939127665, 0.08277532067999124, 0.14351527717248452, 0.1188611428566207, 0.029110678123276605, 0.11555363306045507, 9.588790421530983E-4]
Input: [D@4bdeaabb -> Output: [2.873429842263932E-5, 0.4147512583145835, 0.030068752285165257, 0.09731063113202293, 0.05937737464483517, 0.10532523495365521, 0.029012180017403227, 0.1555158585924817, 2.513376308936986E-4]
Input: [D@6c4906d3 -> Output: [3.173380231584132E-5, 0.0029649155690062235, 0.0033592674620162794, 0.17705416455582237, 0.18146531037541855, 0.07833990023728984, 0.19269419183411515, 0.3455141560911286, 0.005916364821757442]
Input: [D@65987993 -> Output: [0.001310728776873619, 0.0011676507645659493, 0.35673827341870584, 0.028484318587129576, 0.44115951479252696, 0.07739192568593337, 9.712641229800282E-5, 0.08091297400606416, 0.02940862818140317]
Input: [D@71075444 -> Output: [0.15981384889661363, 0.0015738385746866482, 0.18202771320497244, 0.0030099036187988992, 0.27248595861419245, 0.007680479429580611, 0.14353316786787912, 0.01931719773584258, 0.18528197866876517]
Input: [D@4f32a3ad -> Output: [0.02681366935387605, 0.15361238723801002, 0.05060164884016525, 0.06819728705878281, 0.1447155418891047, 0.051768094369956386, 0.0024712487618449397, 0.009075314548771063, 0.17840054638159736]
Input: [D@6b695b06 -> Output: [0.1542613123073105, 0.18050799069641216, 0.005538759058808662, 0.17196047378990112, 8.279338205587786E-4, 0.2093780431325878, 0.04656471839643419, 0.08495528754717471, 0.06170009174796853]
Input: [D@4d1bf319 -> Output: [0.3490001109709624, 0.0027904016243218838, 0.03402652353532553, 0.058120568094200284, 0.015712853474024294, 0.20965603283987874, 0.004737342357436243, 0.0015372225071256574, 0.34410749501920196]
Input: [D@6f53b8a -> Output: [0.001479026816666956, 0.17461373482928738, 0.17223379554549753, 0.6534504495401621, 0.0014745219884261518, 0.08581522832368557, 0.004757874789137181, 6.602269649033678E-4, 0.1324358593779165]
Input: [D@5c80cf32 -> Output: [0.15981384889661363, 0.0015738385746866482, 0.18202771320497244, 0.0030099036187988992, 0.27248595861419245, 0.007680479429580611, 0.14353316786787912, 0.01931719773584258, 0.18528197866876517]
Input: [D@7d900ecf -> Output: [0.09635706291524614, 0.15745171521786044, 0.060132091470683796, 0.14693443066333317, 9.786772908074208E-5, 0.0934895143282638, 0.06344949996896262, 0.06773872872765319, 0.012832119706515072]
Input: [D@6f01b95f -> Output: [0.12372368896804707, 0.025830709878273145, 0.19503866371530543, 2.556628449340651E-4, 0.002603918914484781, 0.025887519403720406, 0.21789555284671383, 0.1109344107056196, 0.13839387454212312]
Input: [D@4007f65e -> Output: [0.15981384889661363, 0.0015738385746866482, 0.18202771320497244, 0.0030099036187988992, 0.27248595861419245, 0.007680479429580611, 0.14353316786787912, 0.01931719773584258, 0.18528197866876517]
Input: [D@1a245833 -> Output: [0.12240677171687041, 0.09764824563328377, 0.08508063939127665, 0.08277532067999124, 0.14351527717248452, 0.1188611428566207, 0.029110678123276605, 0.11555363306045507, 9.588790421530983E-4]
Input: [D@673fdbce -> Output: [0.09082638592673951, 0.42116747247178704, 0.08560355454209168, 0.07485217999914996, 0.01638201851933914, 1.4284552613297953E-4, 0.006895363592812323, 0.03156439163244851, 0.005029650055513922]
Input: [D@5965d37 -> Output: [0.15981384889661363, 0.0015738385746866482, 0.18202771320497244, 0.0030099036187988992, 0.27248595861419245, 0.007680479429580611, 0.14353316786787912, 0.01931719773584258, 0.18528197866876517]
Input: [D@7a5ceedd -> Output: [0.0484103723426953, 0.18371878390553356, 1.6025796719426818E-6, 0.09179479262376693, 0.0777281428187127, 0.13050500946501273, 0.13024155122599992, 0.053223282542023444, 0.1432148140176905]
Input: [D@4201c465 -> Output: [0.0425648639811999, 0.1511131670662102, 1.000777978099413E-5, 0.23248606787938494, 0.032626498455934, 0.06136818968102325, 0.17687728916121082, 0.03103033665583333, 0.005096082282184767]
Input: [D@5b799640 -> Output: [0.04863997576177523, 0.031313838041165054, 4.383903613605736E-6, 0.595063060557064, 0.08630779803053765, 0.03856293908101071, 0.7426036987122594, 0.14577016677956628, 3.1354834511060755E-4]
Input: [D@6cb107fd -> Output: [0.04267115519915245, 0.010660197891610124, 4.5358830522813725E-4, 2.4606559608832617E-4, 0.1756753389877944, 0.37993340794797154, 0.4621240244280367, 0.10218221251756494, 0.002095682334012473]
Input: [D@710636b0 -> Output: [0.15981384889661363, 0.0015738385746866482, 0.18202771320497244, 0.0030099036187988992, 0.27248595861419245, 0.007680479429580611, 0.14353316786787912, 0.01931719773584258, 0.18528197866876517]
Input: [D@3de8f619 -> Output: [7.036108814199627E-6, 0.19144802548528528, 0.2107416751328593, 0.05152529677088277, 0.013159379586739935, 0.05536505631205762, 0.1508860140037384, 0.05810912498757014, 0.1575826506437458]
Input: [D@2ab4bc72 -> Output: [0.0025935292177614276, 0.010450194816617377, 0.006480515417097199, 0.3292031038936748, 0.16747503431552324, 0.04086869144086068, 0.008307176020176645, 0.22289422890000607, 0.1384957008584514]
Input: [D@4e5ed836 -> Output: [1.4341928929419682E-4, 0.016153315195871085, 0.01882291641584123, 1.2922173579595428E-4, 0.42874784142711125, 0.48731495646015427, 0.08168316313588848, 0.23118928666466898, 0.0971351087272206]
Input: [D@eadd4fb -> Output: [0.0041811774876282575, 0.0015691381170120772, 0.022445020328221103, 4.931362218913218E-4, 0.007333846742052025, 0.1451611143527898, 0.1999117604905743, 0.4824165556733604, 0.06539477060432868]
Input: [D@740fb309 -> Output: [0.15981384889661363, 0.0015738385746866482, 0.18202771320497244, 0.0030099036187988992, 0.27248595861419245, 0.007680479429580611, 0.14353316786787912, 0.01931719773584258, 0.18528197866876517]
Input: [D@7bd7d6d6 -> Output: [0.02681366935387605, 0.15361238723801002, 0.05060164884016525, 0.06819728705878281, 0.1447155418891047, 0.051768094369956386, 0.0024712487618449397, 0.009075314548771063, 0.17840054638159736]
Input: [D@43f02ef2 -> Output: [0.04363131054418307, 0.09381810029022979, 0.07669647056080382, 9.578265569181361E-5, 0.061759419097088, 0.17521110770933648, 0.003831136748056696, 0.16247733716518545, 0.3217688495676236]
Input: [D@239a307b -> Output: [0.37861899840299224, 0.01648706885371938, 0.053220624993406615, 9.420870856747031E-5, 0.3543432243708836, 0.0212069069965374, 7.526192507492841E-4, 0.19586592368333466, 0.004781178707286367]
Entrenamiento completado
]]></system-out>
  </testcase>
  <testcase name="testEjecutarModelo" classname="org.javig.Modelo3enRayaTest" time="0.032">
    <failure type="java.lang.AssertionError"><![CDATA[java.lang.AssertionError
	at org.javig.Modelo3enRayaTest.testEjecutarModelo(Modelo3enRayaTest.java:37)
	at java.base/java.lang.reflect.Method.invoke(Method.java:580)
	at java.base/java.util.ArrayList.forEach(ArrayList.java:1596)
	at java.base/java.util.ArrayList.forEach(ArrayList.java:1596)
]]></failure>
    <system-out><![CDATA[Model loaded successfully from: /home/javier/Repos/neural-lib/src/main/resources/modelo3enRaya.nn
Posición{fila=0, columna=1}
]]></system-out>
  </testcase>
</testsuite>